[2025-11-24 17:12:45] SQLSTATE[42S22]: Column not found: 1054 Unknown column 'author' in 'field list'
[2025-11-24 17:16:47] SQLSTATE[42S22]: Column not found: 1054 Unknown column 'author' in 'field list'
[2025-11-24 17:20:30] SQLSTATE[42S22]: Column not found: 1054 Unknown column 'author' in 'field list'
[2025-11-24 17:21:17] SQLSTATE[42S22]: Column not found: 1054 Unknown column 'author' in 'field list'
[2025-11-24 17:25:52] SQLSTATE[42S22]: Column not found: 1054 Unknown column 'content' in 'field list'
[2025-11-24 17:26:44] SQLSTATE[42S22]: Column not found: 1054 Unknown column 'content' in 'field list'
[2025-11-24 17:29:16] SQLSTATE[42S22]: Column not found: 1054 Unknown column 'contenu' in 'field list'
[2025-11-24 17:32:55] SQLSTATE[42S22]: Column not found: 1054 Unknown column 'created_at' in 'field list'
[2025-11-24 17:33:31] SQLSTATE[42S22]: Column not found: 1054 Unknown column 'created_at' in 'field list'
[2025-11-24 17:36:54] SQLSTATE[42S22]: Column not found: 1054 Unknown column 'send_by' in 'field list'
[2025-11-24 17:36:55] SQLSTATE[42S22]: Column not found: 1054 Unknown column 'send_by' in 'field list'
[2025-11-24 17:37:04] SQLSTATE[42S22]: Column not found: 1054 Unknown column 'send_by' in 'field list'
[2025-11-24 17:38:44] SQLSTATE[42S22]: Column not found: 1054 Unknown column 'send_by' in 'field list'
[2025-11-24 17:38:57] SQLSTATE[42S22]: Column not found: 1054 Unknown column 'send_by' in 'field list'
[2025-11-24 17:38:59] SQLSTATE[42S22]: Column not found: 1054 Unknown column 'send_by' in 'field list'
[2025-11-24 17:40:30] SQLSTATE[42S22]: Column not found: 1054 Unknown column 'send_by' in 'field list'
[2025-11-24 17:42:18] SQLSTATE[42S22]: Column not found: 1054 Unknown column 'send_by' in 'field list'
[2025-11-24 17:42:27] SQLSTATE[42S22]: Column not found: 1054 Unknown column 'send by' in 'field list'
[2025-11-24 17:44:39] SQLSTATE[42S22]: Column not found: 1054 Unknown column 'send_by' in 'field list'
[2025-11-25 12:56:36] SQLSTATE[HY000]: General error: 2006 MySQL server has gone away
[2025-11-25 13:19:33] New post create request: send_by=iyed1236, contenu=aya wnk 111254
[2025-11-25 13:20:18] New post create request: send_by=ieyddddddd, contenu=fewxfxwfew
[2025-11-25 13:20:52] New post create request: send_by=ieyddddddd, contenu=effsrfws
[2025-11-25 13:27:10] New post create request: send_by=cd, contenu=dcdcdcdc
[2025-11-25 13:32:16] New post create request: send_by=damin, contenu=aya tjieeeeeeeeeeee
[2025-11-25 13:32:16] There is no active transaction
[2025-11-25 13:32:27] New post create request: send_by=damin, contenu=aya tjieeeeeeeeeeee
[2025-11-25 13:32:44] New post create request: send_by=scsc, contenu=sdvdvc
[2025-11-25 13:32:50] Add comment request parent_id=14, contenu=dccsc
[2025-11-25 13:32:58] Add comment request parent_id=14, contenu=cdvvvvvvvvvvvvvvv
[2025-11-25 13:33:01] Delete comment request id=60
[2025-11-25 13:33:02] Delete comment request id=61
[2025-11-25 13:38:22] New post create request: send_by=iyed, contenu=wiwwwwwwwwwwwwwwwww
[2025-11-25 13:38:41] New post create request: send_by=dwdw, contenu=dwwdwd
[2025-11-25 13:39:30] Add comment request parent_id=16, contenu=hey
[2025-11-25 13:54:43] Add comment request parent_id=16, contenu=yrt
[2025-11-25 14:11:17] New post create request: send_by=dwdw, contenu=dsds
[2025-11-25 14:11:36] New post create request: send_by=dwef, contenu=eFDA
[2025-11-25 14:14:27] New post create request: send_by=JKK, contenu=HHH
[2025-11-25 14:14:35] Add comment request parent_id=17, contenu=EFD
[2025-11-25 14:16:39] New post create request: send_by=HGV, contenu=HBKHB
[2025-11-25 14:16:50] Add comment request parent_id=18, send_by=YUGGU, contenu=JHB
[2025-11-25 14:19:51] New post create request: send_by=dwdw, contenu=HG
[2025-11-25 14:20:00] Add comment request parent_id=21, send_by=JJ, contenu=L;
[2025-11-25 14:20:08] Add comment request parent_id=18, send_by=J, contenu=J
[2025-11-25 14:21:13] New post create request: send_by=FMFM, contenu=MG TK R
[2025-11-25 14:21:20] Add comment request parent_id=22, send_by=VFVFV, contenu=BYFVY
[2025-11-25 14:23:46] New post create request: send_by=IJA HOUNI, contenu=MG TK R DNEH
[2025-11-25 14:34:12] New post create request: send_by=dwdw, contenu=RFRGRG
[2025-11-25 14:36:25] New post create request: send_by=,,, contenu=K
[2025-11-25 14:40:35] Update post request post_id=24, send_by=dwdw, contenu=RFRGRG
[2025-11-25 14:40:45] Add comment request parent_id=24, send_by=xv, contenu=cd
[2025-11-25 14:40:51] Update comment request id=67, contenu=cd
[2025-11-25 14:40:54] Delete comment request id=66
[2025-11-25 14:46:07] Update post request post_id=22, send_by=FMFM, contenu=MG TK R
[2025-11-25 14:46:45] New post create request: send_by=iyed, contenu=hamdouleh
[2025-11-25 14:47:05] Add comment request parent_id=26, send_by=het, contenu=vevf
[2025-11-27 15:33:24] DB Connexion Erreur: SQLSTATE[HY000] [2002] Aucune connexion n’a pu être établie car l’ordinateur cible l’a expressément refusée
[2025-11-27 15:33:29] New post create request: send_by=cd, contenu=adfdV
[2025-11-27 15:35:28] DB Connexion Erreur: SQLSTATE[HY000] [2002] Aucune connexion n’a pu être établie car l’ordinateur cible l’a expressément refusée
[2025-11-27 15:35:28] DB Connexion Erreur: SQLSTATE[HY000] [2002] Aucune connexion n’a pu être établie car l’ordinateur cible l’a expressément refusée
[2025-11-27 15:35:28] DB Connexion Erreur: SQLSTATE[HY000] [2002] Aucune connexion n’a pu être établie car l’ordinateur cible l’a expressément refusée
[2025-11-27 15:35:28] DB Connexion Erreur: SQLSTATE[HY000] [2002] Aucune connexion n’a pu être établie car l’ordinateur cible l’a expressément refusée
[2025-11-27 15:35:29] DB Connexion Erreur: SQLSTATE[HY000] [2002] Aucune connexion n’a pu être établie car l’ordinateur cible l’a expressément refusée
[2025-11-27 15:35:30] DB Connexion Erreur: SQLSTATE[HY000] [2002] Aucune connexion n’a pu être établie car l’ordinateur cible l’a expressément refusée
[2025-11-27 15:35:30] DB Connexion Erreur: SQLSTATE[HY000] [2002] Aucune connexion n’a pu être établie car l’ordinateur cible l’a expressément refusée
[2025-11-27 15:35:30] DB Connexion Erreur: SQLSTATE[HY000] [2002] Aucune connexion n’a pu être établie car l’ordinateur cible l’a expressément refusée
[2025-11-27 15:35:30] DB Connexion Erreur: SQLSTATE[HY000] [2002] Aucune connexion n’a pu être établie car l’ordinateur cible l’a expressément refusée
[2025-11-27 15:35:31] DB Connexion Erreur: SQLSTATE[HY000] [2002] Aucune connexion n’a pu être établie car l’ordinateur cible l’a expressément refusée
[2025-11-27 15:35:32] DB Connexion Erreur: SQLSTATE[HY000] [2002] Aucune connexion n’a pu être établie car l’ordinateur cible l’a expressément refusée
[2025-11-27 15:35:32] DB Connexion Erreur: SQLSTATE[HY000] [2002] Aucune connexion n’a pu être établie car l’ordinateur cible l’a expressément refusée
[2025-11-27 15:35:32] DB Connexion Erreur: SQLSTATE[HY000] [2002] Aucune connexion n’a pu être établie car l’ordinateur cible l’a expressément refusée
[2025-11-27 15:35:32] DB Connexion Erreur: SQLSTATE[HY000] [2002] Aucune connexion n’a pu être établie car l’ordinateur cible l’a expressément refusée
[2025-11-27 15:35:32] DB Connexion Erreur: SQLSTATE[HY000] [2002] Aucune connexion n’a pu être établie car l’ordinateur cible l’a expressément refusée
[2025-11-27 15:35:32] DB Connexion Erreur: SQLSTATE[HY000] [2002] Aucune connexion n’a pu être établie car l’ordinateur cible l’a expressément refusée
[2025-11-27 15:35:32] DB Connexion Erreur: SQLSTATE[HY000] [2002] Aucune connexion n’a pu être établie car l’ordinateur cible l’a expressément refusée
[2025-11-27 15:35:32] DB Connexion Erreur: SQLSTATE[HY000] [2002] Aucune connexion n’a pu être établie car l’ordinateur cible l’a expressément refusée
[2025-11-27 15:35:32] DB Connexion Erreur: SQLSTATE[HY000] [2002] Aucune connexion n’a pu être établie car l’ordinateur cible l’a expressément refusée
[2025-11-27 15:35:33] DB Connexion Erreur: SQLSTATE[HY000] [2002] Aucune connexion n’a pu être établie car l’ordinateur cible l’a expressément refusée
[2025-11-27 15:35:33] DB Connexion Erreur: SQLSTATE[HY000] [2002] Aucune connexion n’a pu être établie car l’ordinateur cible l’a expressément refusée
[2025-11-27 15:35:34] DB Connexion Erreur: SQLSTATE[HY000] [2002] Aucune connexion n’a pu être établie car l’ordinateur cible l’a expressément refusée
[2025-11-27 15:35:34] New post create request: send_by=dcdv, contenu=dvdvdvdv
[2025-11-27 15:35:36] DB Connexion Erreur: SQLSTATE[HY000] [2002] Aucune connexion n’a pu être établie car l’ordinateur cible l’a expressément refusée
[2025-11-27 15:37:54] DB Connexion failed on port 3306: SQLSTATE[HY000] [2002] Aucune connexion n’a pu être établie car l’ordinateur cible l’a expressément refusée
[2025-11-27 15:37:54] DB Connexion failed on port 3306: SQLSTATE[HY000] [2002] Aucune connexion n’a pu être établie car l’ordinateur cible l’a expressément refusée
[2025-11-27 15:37:54] DB Connexion failed on port 3306: SQLSTATE[HY000] [2002] Aucune connexion n’a pu être établie car l’ordinateur cible l’a expressément refusée
[2025-11-27 15:37:54] DB Connexion failed on port 3306: SQLSTATE[HY000] [2002] Aucune connexion n’a pu être établie car l’ordinateur cible l’a expressément refusée
[2025-11-27 15:37:55] DB Connexion failed on port 3306: SQLSTATE[HY000] [2002] Aucune connexion n’a pu être établie car l’ordinateur cible l’a expressément refusée
[2025-11-27 15:37:56] DB Connexion failed on port 3307: SQLSTATE[HY000] [2002] Aucune connexion n’a pu être établie car l’ordinateur cible l’a expressément refusée
[2025-11-27 15:37:56] DB Connexion Erreur: SQLSTATE[HY000] [2002] Aucune connexion n’a pu être établie car l’ordinateur cible l’a expressément refusée
[2025-11-27 15:37:56] DB Connexion failed on port 3307: SQLSTATE[HY000] [2002] Aucune connexion n’a pu être établie car l’ordinateur cible l’a expressément refusée
[2025-11-27 15:37:56] DB Connexion Erreur: SQLSTATE[HY000] [2002] Aucune connexion n’a pu être établie car l’ordinateur cible l’a expressément refusée
[2025-11-27 15:37:56] DB Connexion failed on port 3307: SQLSTATE[HY000] [2002] Aucune connexion n’a pu être établie car l’ordinateur cible l’a expressément refusée
[2025-11-27 15:37:56] DB Connexion Erreur: SQLSTATE[HY000] [2002] Aucune connexion n’a pu être établie car l’ordinateur cible l’a expressément refusée
[2025-11-27 15:37:56] DB Connexion failed on port 3307: SQLSTATE[HY000] [2002] Aucune connexion n’a pu être établie car l’ordinateur cible l’a expressément refusée
[2025-11-27 15:37:56] DB Connexion Erreur: SQLSTATE[HY000] [2002] Aucune connexion n’a pu être établie car l’ordinateur cible l’a expressément refusée
[2025-11-27 15:37:57] DB Connexion failed on port 3307: SQLSTATE[HY000] [2002] Aucune connexion n’a pu être établie car l’ordinateur cible l’a expressément refusée
[2025-11-27 15:37:57] DB Connexion Erreur: SQLSTATE[HY000] [2002] Aucune connexion n’a pu être établie car l’ordinateur cible l’a expressément refusée
[2025-11-27 15:37:58] DB Connexion failed on port 3306: SQLSTATE[HY000] [2002] Aucune connexion n’a pu être établie car l’ordinateur cible l’a expressément refusée
[2025-11-27 15:37:58] DB Connexion failed on port 3306: SQLSTATE[HY000] [2002] Aucune connexion n’a pu être établie car l’ordinateur cible l’a expressément refusée
[2025-11-27 15:37:58] DB Connexion failed on port 3306: SQLSTATE[HY000] [2002] Aucune connexion n’a pu être établie car l’ordinateur cible l’a expressément refusée
[2025-11-27 15:37:58] DB Connexion failed on port 3306: SQLSTATE[HY000] [2002] Aucune connexion n’a pu être établie car l’ordinateur cible l’a expressément refusée
[2025-11-27 15:37:58] DB Connexion failed on port 3306: SQLSTATE[HY000] [2002] Aucune connexion n’a pu être établie car l’ordinateur cible l’a expressément refusée
[2025-11-27 15:37:59] DB Connexion failed on port 3306: SQLSTATE[HY000] [2002] Aucune connexion n’a pu être établie car l’ordinateur cible l’a expressément refusée
[2025-11-27 15:38:00] DB Connexion failed on port 3307: SQLSTATE[HY000] [2002] Aucune connexion n’a pu être établie car l’ordinateur cible l’a expressément refusée
[2025-11-27 15:38:00] DB Connexion Erreur: SQLSTATE[HY000] [2002] Aucune connexion n’a pu être établie car l’ordinateur cible l’a expressément refusée
[2025-11-27 15:38:00] DB Connexion failed on port 3307: SQLSTATE[HY000] [2002] Aucune connexion n’a pu être établie car l’ordinateur cible l’a expressément refusée
[2025-11-27 15:38:00] DB Connexion Erreur: SQLSTATE[HY000] [2002] Aucune connexion n’a pu être établie car l’ordinateur cible l’a expressément refusée
[2025-11-27 15:38:00] DB Connexion failed on port 3307: SQLSTATE[HY000] [2002] Aucune connexion n’a pu être établie car l’ordinateur cible l’a expressément refusée
[2025-11-27 15:38:00] DB Connexion Erreur: SQLSTATE[HY000] [2002] Aucune connexion n’a pu être établie car l’ordinateur cible l’a expressément refusée
[2025-11-27 15:38:00] DB Connexion failed on port 3307: SQLSTATE[HY000] [2002] Aucune connexion n’a pu être établie car l’ordinateur cible l’a expressément refusée
[2025-11-27 15:38:00] DB Connexion Erreur: SQLSTATE[HY000] [2002] Aucune connexion n’a pu être établie car l’ordinateur cible l’a expressément refusée
[2025-11-27 15:38:00] DB Connexion failed on port 3307: SQLSTATE[HY000] [2002] Aucune connexion n’a pu être établie car l’ordinateur cible l’a expressément refusée
[2025-11-27 15:38:00] DB Connexion Erreur: SQLSTATE[HY000] [2002] Aucune connexion n’a pu être établie car l’ordinateur cible l’a expressément refusée
[2025-11-27 15:38:01] DB Connexion failed on port 3307: SQLSTATE[HY000] [2002] Aucune connexion n’a pu être établie car l’ordinateur cible l’a expressément refusée
[2025-11-27 15:38:01] DB Connexion Erreur: SQLSTATE[HY000] [2002] Aucune connexion n’a pu être établie car l’ordinateur cible l’a expressément refusée
[2025-11-27 15:38:02] DB Connexion failed on port 3306: SQLSTATE[HY000] [2002] Aucune connexion n’a pu être établie car l’ordinateur cible l’a expressément refusée
[2025-11-27 15:38:02] DB Connexion failed on port 3306: SQLSTATE[HY000] [2002] Aucune connexion n’a pu être établie car l’ordinateur cible l’a expressément refusée
[2025-11-27 15:38:02] DB Connexion failed on port 3306: SQLSTATE[HY000] [2002] Aucune connexion n’a pu être établie car l’ordinateur cible l’a expressément refusée
[2025-11-27 15:38:03] DB Connexion failed on port 3306: SQLSTATE[HY000] [2002] Aucune connexion n’a pu être établie car l’ordinateur cible l’a expressément refusée
[2025-11-27 15:38:03] DB Connexion failed on port 3306: SQLSTATE[HY000] [2002] Aucune connexion n’a pu être établie car l’ordinateur cible l’a expressément refusée
[2025-11-27 15:38:03] DB Connexion failed on port 3306: SQLSTATE[HY000] [2002] Aucune connexion n’a pu être établie car l’ordinateur cible l’a expressément refusée
[2025-11-27 15:38:04] DB Connexion failed on port 3307: SQLSTATE[HY000] [2002] Aucune connexion n’a pu être établie car l’ordinateur cible l’a expressément refusée
[2025-11-27 15:38:04] DB Connexion Erreur: SQLSTATE[HY000] [2002] Aucune connexion n’a pu être établie car l’ordinateur cible l’a expressément refusée
[2025-11-27 15:38:04] DB Connexion Erreur: SQLSTATE[HY000] [2002] Aucune connexion n’a pu être établie car l’ordinateur cible l’a expressément refusée
[2025-11-27 15:38:04] DB Connexion failed on port 3307: SQLSTATE[HY000] [2002] Aucune connexion n’a pu être établie car l’ordinateur cible l’a expressément refusée
[2025-11-27 15:38:04] DB Connexion Erreur: SQLSTATE[HY000] [2002] Aucune connexion n’a pu être établie car l’ordinateur cible l’a expressément refusée
[2025-11-27 15:38:04] DB Connexion Erreur: SQLSTATE[HY000] [2002] Aucune connexion n’a pu être établie car l’ordinateur cible l’a expressément refusée
[2025-11-27 15:38:04] DB Connexion failed on port 3307: SQLSTATE[HY000] [2002] Aucune connexion n’a pu être établie car l’ordinateur cible l’a expressément refusée
[2025-11-27 15:38:04] DB Connexion Erreur: SQLSTATE[HY000] [2002] Aucune connexion n’a pu être établie car l’ordinateur cible l’a expressément refusée
[2025-11-27 15:38:04] DB Connexion Erreur: SQLSTATE[HY000] [2002] Aucune connexion n’a pu être établie car l’ordinateur cible l’a expressément refusée
[2025-11-27 15:38:05] DB Connexion failed on port 3307: SQLSTATE[HY000] [2002] Aucune connexion n’a pu être établie car l’ordinateur cible l’a expressément refusée
[2025-11-27 15:38:05] DB Connexion Erreur: SQLSTATE[HY000] [2002] Aucune connexion n’a pu être établie car l’ordinateur cible l’a expressément refusée
[2025-11-27 15:38:05] New post create request: send_by=adwdasd, contenu=asxddsxcx
[2025-11-27 15:38:05] DB Connexion failed on port 3307: SQLSTATE[HY000] [2002] Aucune connexion n’a pu être établie car l’ordinateur cible l’a expressément refusée
[2025-11-27 15:38:05] DB Connexion Erreur: SQLSTATE[HY000] [2002] Aucune connexion n’a pu être établie car l’ordinateur cible l’a expressément refusée
[2025-11-27 15:38:05] DB Connexion Erreur: SQLSTATE[HY000] [2002] Aucune connexion n’a pu être établie car l’ordinateur cible l’a expressément refusée
[2025-11-27 15:38:05] DB Connexion failed on port 3307: SQLSTATE[HY000] [2002] Aucune connexion n’a pu être établie car l’ordinateur cible l’a expressément refusée
[2025-11-27 15:38:05] DB Connexion Erreur: SQLSTATE[HY000] [2002] Aucune connexion n’a pu être établie car l’ordinateur cible l’a expressément refusée
[2025-11-27 15:38:05] DB Connexion Erreur: SQLSTATE[HY000] [2002] Aucune connexion n’a pu être établie car l’ordinateur cible l’a expressément refusée
[2025-11-27 15:38:07] DB Connexion failed on port 3306: SQLSTATE[HY000] [2002] Aucune connexion n’a pu être établie car l’ordinateur cible l’a expressément refusée
[2025-11-27 15:38:09] DB Connexion failed on port 3307: SQLSTATE[HY000] [2002] Aucune connexion n’a pu être établie car l’ordinateur cible l’a expressément refusée
[2025-11-27 15:38:09] DB Connexion Erreur: SQLSTATE[HY000] [2002] Aucune connexion n’a pu être établie car l’ordinateur cible l’a expressément refusée
[2025-11-27 15:38:44] DB Connexion failed on port 3306: SQLSTATE[HY000] [2002] Aucune connexion n’a pu être établie car l’ordinateur cible l’a expressément refusée
[2025-11-27 15:38:46] DB Connexion failed on port 3307: SQLSTATE[HY000] [2002] Aucune connexion n’a pu être établie car l’ordinateur cible l’a expressément refusée
[2025-11-27 15:38:46] DB Connexion Erreur: SQLSTATE[HY000] [2002] Aucune connexion n’a pu être établie car l’ordinateur cible l’a expressément refusée
[2025-11-27 15:38:47] DB Connexion failed on port 3306: SQLSTATE[HY000] [2002] Aucune connexion n’a pu être établie car l’ordinateur cible l’a expressément refusée
[2025-11-27 15:38:47] DB Connexion failed on port 3306: SQLSTATE[HY000] [2002] Aucune connexion n’a pu être établie car l’ordinateur cible l’a expressément refusée
[2025-11-27 15:38:47] DB Connexion failed on port 3306: SQLSTATE[HY000] [2002] Aucune connexion n’a pu être établie car l’ordinateur cible l’a expressément refusée
[2025-11-27 15:38:47] DB Connexion failed on port 3306: SQLSTATE[HY000] [2002] Aucune connexion n’a pu être établie car l’ordinateur cible l’a expressément refusée
[2025-11-27 15:38:47] DB Connexion failed on port 3306: SQLSTATE[HY000] [2002] Aucune connexion n’a pu être établie car l’ordinateur cible l’a expressément refusée
[2025-11-27 15:38:48] DB Connexion failed on port 3306: SQLSTATE[HY000] [2002] Aucune connexion n’a pu être établie car l’ordinateur cible l’a expressément refusée
[2025-11-27 15:38:48] DB Connexion failed on port 3306: SQLSTATE[HY000] [2002] Aucune connexion n’a pu être établie car l’ordinateur cible l’a expressément refusée
[2025-11-27 15:38:48] DB Connexion failed on port 3306: SQLSTATE[HY000] [2002] Aucune connexion n’a pu être établie car l’ordinateur cible l’a expressément refusée
[2025-11-27 15:38:48] DB Connexion failed on port 3306: SQLSTATE[HY000] [2002] Aucune connexion n’a pu être établie car l’ordinateur cible l’a expressément refusée
[2025-11-27 15:38:49] DB Connexion failed on port 3307: SQLSTATE[HY000] [2002] Aucune connexion n’a pu être établie car l’ordinateur cible l’a expressément refusée
[2025-11-27 15:38:49] DB Connexion Erreur: SQLSTATE[HY000] [2002] Aucune connexion n’a pu être établie car l’ordinateur cible l’a expressément refusée
[2025-11-27 15:38:49] DB Connexion failed on port 3306: SQLSTATE[HY000] [2002] Aucune connexion n’a pu être établie car l’ordinateur cible l’a expressément refusée
[2025-11-27 15:38:49] DB Connexion failed on port 3307: SQLSTATE[HY000] [2002] Aucune connexion n’a pu être établie car l’ordinateur cible l’a expressément refusée
[2025-11-27 15:38:49] DB Connexion Erreur: SQLSTATE[HY000] [2002] Aucune connexion n’a pu être établie car l’ordinateur cible l’a expressément refusée
[2025-11-27 15:38:49] DB Connexion failed on port 3307: SQLSTATE[HY000] [2002] Aucune connexion n’a pu être établie car l’ordinateur cible l’a expressément refusée
[2025-11-27 15:38:49] DB Connexion Erreur: SQLSTATE[HY000] [2002] Aucune connexion n’a pu être établie car l’ordinateur cible l’a expressément refusée
[2025-11-27 15:38:49] DB Connexion failed on port 3307: SQLSTATE[HY000] [2002] Aucune connexion n’a pu être établie car l’ordinateur cible l’a expressément refusée
[2025-11-27 15:38:49] DB Connexion Erreur: SQLSTATE[HY000] [2002] Aucune connexion n’a pu être établie car l’ordinateur cible l’a expressément refusée
[2025-11-27 15:38:50] DB Connexion failed on port 3307: SQLSTATE[HY000] [2002] Aucune connexion n’a pu être établie car l’ordinateur cible l’a expressément refusée
[2025-11-27 15:38:50] DB Connexion Erreur: SQLSTATE[HY000] [2002] Aucune connexion n’a pu être établie car l’ordinateur cible l’a expressément refusée
[2025-11-27 15:38:50] DB Connexion failed on port 3307: SQLSTATE[HY000] [2002] Aucune connexion n’a pu être établie car l’ordinateur cible l’a expressément refusée
[2025-11-27 15:38:50] DB Connexion Erreur: SQLSTATE[HY000] [2002] Aucune connexion n’a pu être établie car l’ordinateur cible l’a expressément refusée
[2025-11-27 15:38:50] New post create request: send_by=adwdasd, contenu=asxddsxcx
[2025-11-27 15:38:50] DB Connexion failed on port 3307: SQLSTATE[HY000] [2002] Aucune connexion n’a pu être établie car l’ordinateur cible l’a expressément refusée
[2025-11-27 15:38:50] DB Connexion Erreur: SQLSTATE[HY000] [2002] Aucune connexion n’a pu être établie car l’ordinateur cible l’a expressément refusée
[2025-11-27 15:38:50] DB Connexion failed on port 3307: SQLSTATE[HY000] [2002] Aucune connexion n’a pu être établie car l’ordinateur cible l’a expressément refusée
[2025-11-27 15:38:50] DB Connexion Erreur: SQLSTATE[HY000] [2002] Aucune connexion n’a pu être établie car l’ordinateur cible l’a expressément refusée
[2025-11-27 15:38:50] DB Connexion failed on port 3307: SQLSTATE[HY000] [2002] Aucune connexion n’a pu être établie car l’ordinateur cible l’a expressément refusée
[2025-11-27 15:38:50] DB Connexion Erreur: SQLSTATE[HY000] [2002] Aucune connexion n’a pu être établie car l’ordinateur cible l’a expressément refusée
[2025-11-27 15:38:51] DB Connexion failed on port 3306: SQLSTATE[HY000] [2002] Aucune connexion n’a pu être établie car l’ordinateur cible l’a expressément refusée
[2025-11-27 15:38:51] DB Connexion failed on port 3307: SQLSTATE[HY000] [2002] Aucune connexion n’a pu être établie car l’ordinateur cible l’a expressément refusée
[2025-11-27 15:38:51] DB Connexion Erreur: SQLSTATE[HY000] [2002] Aucune connexion n’a pu être établie car l’ordinateur cible l’a expressément refusée
[2025-11-27 15:38:51] DB Connexion failed on port 3306: SQLSTATE[HY000] [2002] Aucune connexion n’a pu être établie car l’ordinateur cible l’a expressément refusée
[2025-11-27 15:38:51] DB Connexion failed on port 3306: SQLSTATE[HY000] [2002] Aucune connexion n’a pu être établie car l’ordinateur cible l’a expressément refusée
[2025-11-27 15:38:51] DB Connexion failed on port 3306: SQLSTATE[HY000] [2002] Aucune connexion n’a pu être établie car l’ordinateur cible l’a expressément refusée
[2025-11-27 15:38:52] DB Connexion failed on port 3306: SQLSTATE[HY000] [2002] Aucune connexion n’a pu être établie car l’ordinateur cible l’a expressément refusée
[2025-11-27 15:38:52] DB Connexion failed on port 3306: SQLSTATE[HY000] [2002] Aucune connexion n’a pu être établie car l’ordinateur cible l’a expressément refusée
[2025-11-27 15:38:52] DB Connexion failed on port 3306: SQLSTATE[HY000] [2002] Aucune connexion n’a pu être établie car l’ordinateur cible l’a expressément refusée
[2025-11-27 15:38:52] DB Connexion failed on port 3306: SQLSTATE[HY000] [2002] Aucune connexion n’a pu être établie car l’ordinateur cible l’a expressément refusée
[2025-11-27 15:38:52] DB Connexion failed on port 3306: SQLSTATE[HY000] [2002] Aucune connexion n’a pu être établie car l’ordinateur cible l’a expressément refusée
[2025-11-27 15:38:52] DB Connexion failed on port 3306: SQLSTATE[HY000] [2002] Aucune connexion n’a pu être établie car l’ordinateur cible l’a expressément refusée
[2025-11-27 15:38:53] DB Connexion failed on port 3307: SQLSTATE[HY000] [2002] Aucune connexion n’a pu être établie car l’ordinateur cible l’a expressément refusée
[2025-11-27 15:38:53] DB Connexion Erreur: SQLSTATE[HY000] [2002] Aucune connexion n’a pu être établie car l’ordinateur cible l’a expressément refusée
[2025-11-27 15:38:53] DB Connexion failed on port 3306: SQLSTATE[HY000] [2002] Aucune connexion n’a pu être établie car l’ordinateur cible l’a expressément refusée
[2025-11-27 15:38:53] DB Connexion failed on port 3307: SQLSTATE[HY000] [2002] Aucune connexion n’a pu être établie car l’ordinateur cible l’a expressément refusée
[2025-11-27 15:38:53] DB Connexion Erreur: SQLSTATE[HY000] [2002] Aucune connexion n’a pu être établie car l’ordinateur cible l’a expressément refusée
[2025-11-27 15:38:53] DB Connexion failed on port 3307: SQLSTATE[HY000] [2002] Aucune connexion n’a pu être établie car l’ordinateur cible l’a expressément refusée
[2025-11-27 15:38:53] DB Connexion Erreur: SQLSTATE[HY000] [2002] Aucune connexion n’a pu être établie car l’ordinateur cible l’a expressément refusée
[2025-11-27 15:38:53] DB Connexion failed on port 3307: SQLSTATE[HY000] [2002] Aucune connexion n’a pu être établie car l’ordinateur cible l’a expressément refusée
[2025-11-27 15:38:53] DB Connexion Erreur: SQLSTATE[HY000] [2002] Aucune connexion n’a pu être établie car l’ordinateur cible l’a expressément refusée
[2025-11-27 15:38:54] DB Connexion failed on port 3307: SQLSTATE[HY000] [2002] Aucune connexion n’a pu être établie car l’ordinateur cible l’a expressément refusée
[2025-11-27 15:38:54] DB Connexion Erreur: SQLSTATE[HY000] [2002] Aucune connexion n’a pu être établie car l’ordinateur cible l’a expressément refusée
[2025-11-27 15:38:54] DB Connexion failed on port 3307: SQLSTATE[HY000] [2002] Aucune connexion n’a pu être établie car l’ordinateur cible l’a expressément refusée
[2025-11-27 15:38:54] DB Connexion Erreur: SQLSTATE[HY000] [2002] Aucune connexion n’a pu être établie car l’ordinateur cible l’a expressément refusée
[2025-11-27 15:38:54] DB Connexion failed on port 3307: SQLSTATE[HY000] [2002] Aucune connexion n’a pu être établie car l’ordinateur cible l’a expressément refusée
[2025-11-27 15:38:54] DB Connexion Erreur: SQLSTATE[HY000] [2002] Aucune connexion n’a pu être établie car l’ordinateur cible l’a expressément refusée
[2025-11-27 15:38:54] DB Connexion failed on port 3307: SQLSTATE[HY000] [2002] Aucune connexion n’a pu être établie car l’ordinateur cible l’a expressément refusée
[2025-11-27 15:38:54] DB Connexion Erreur: SQLSTATE[HY000] [2002] Aucune connexion n’a pu être établie car l’ordinateur cible l’a expressément refusée
[2025-11-27 15:38:54] DB Connexion failed on port 3307: SQLSTATE[HY000] [2002] Aucune connexion n’a pu être établie car l’ordinateur cible l’a expressément refusée
[2025-11-27 15:38:54] DB Connexion Erreur: SQLSTATE[HY000] [2002] Aucune connexion n’a pu être établie car l’ordinateur cible l’a expressément refusée
[2025-11-27 15:38:54] DB Connexion failed on port 3307: SQLSTATE[HY000] [2002] Aucune connexion n’a pu être établie car l’ordinateur cible l’a expressément refusée
[2025-11-27 15:38:54] DB Connexion Erreur: SQLSTATE[HY000] [2002] Aucune connexion n’a pu être établie car l’ordinateur cible l’a expressément refusée
[2025-11-27 15:38:55] DB Connexion failed on port 3306: SQLSTATE[HY000] [2002] Aucune connexion n’a pu être établie car l’ordinateur cible l’a expressément refusée
[2025-11-27 15:38:55] DB Connexion failed on port 3307: SQLSTATE[HY000] [2002] Aucune connexion n’a pu être établie car l’ordinateur cible l’a expressément refusée
[2025-11-27 15:38:55] DB Connexion Erreur: SQLSTATE[HY000] [2002] Aucune connexion n’a pu être établie car l’ordinateur cible l’a expressément refusée
[2025-11-27 15:38:55] DB Connexion failed on port 3306: SQLSTATE[HY000] [2002] Aucune connexion n’a pu être établie car l’ordinateur cible l’a expressément refusée
[2025-11-27 15:38:55] DB Connexion failed on port 3306: SQLSTATE[HY000] [2002] Aucune connexion n’a pu être établie car l’ordinateur cible l’a expressément refusée
[2025-11-27 15:38:55] DB Connexion failed on port 3306: SQLSTATE[HY000] [2002] Aucune connexion n’a pu être établie car l’ordinateur cible l’a expressément refusée
[2025-11-27 15:38:56] DB Connexion failed on port 3306: SQLSTATE[HY000] [2002] Aucune connexion n’a pu être établie car l’ordinateur cible l’a expressément refusée
[2025-11-27 15:38:56] DB Connexion failed on port 3306: SQLSTATE[HY000] [2002] Aucune connexion n’a pu être établie car l’ordinateur cible l’a expressément refusée
[2025-11-27 15:38:56] DB Connexion failed on port 3306: SQLSTATE[HY000] [2002] Aucune connexion n’a pu être établie car l’ordinateur cible l’a expressément refusée
[2025-11-27 15:38:56] DB Connexion failed on port 3306: SQLSTATE[HY000] [2002] Aucune connexion n’a pu être établie car l’ordinateur cible l’a expressément refusée
[2025-11-27 15:38:57] DB Connexion failed on port 3306: SQLSTATE[HY000] [2002] Aucune connexion n’a pu être établie car l’ordinateur cible l’a expressément refusée
[2025-11-27 15:38:57] DB Connexion failed on port 3307: SQLSTATE[HY000] [2002] Aucune connexion n’a pu être établie car l’ordinateur cible l’a expressément refusée
[2025-11-27 15:38:57] DB Connexion Erreur: SQLSTATE[HY000] [2002] Aucune connexion n’a pu être établie car l’ordinateur cible l’a expressément refusée
[2025-11-27 15:38:57] DB Connexion Erreur: SQLSTATE[HY000] [2002] Aucune connexion n’a pu être établie car l’ordinateur cible l’a expressément refusée
[2025-11-27 15:38:57] DB Connexion failed on port 3306: SQLSTATE[HY000] [2002] Aucune connexion n’a pu être établie car l’ordinateur cible l’a expressément refusée
[2025-11-27 15:38:57] DB Connexion failed on port 3307: SQLSTATE[HY000] [2002] Aucune connexion n’a pu être établie car l’ordinateur cible l’a expressément refusée
[2025-11-27 15:38:57] DB Connexion Erreur: SQLSTATE[HY000] [2002] Aucune connexion n’a pu être établie car l’ordinateur cible l’a expressément refusée
[2025-11-27 15:38:57] DB Connexion Erreur: SQLSTATE[HY000] [2002] Aucune connexion n’a pu être établie car l’ordinateur cible l’a expressément refusée
[2025-11-27 15:38:57] DB Connexion failed on port 3307: SQLSTATE[HY000] [2002] Aucune connexion n’a pu être établie car l’ordinateur cible l’a expressément refusée
[2025-11-27 15:38:57] DB Connexion Erreur: SQLSTATE[HY000] [2002] Aucune connexion n’a pu être établie car l’ordinateur cible l’a expressément refusée
[2025-11-27 15:38:57] DB Connexion Erreur: SQLSTATE[HY000] [2002] Aucune connexion n’a pu être établie car l’ordinateur cible l’a expressément refusée
[2025-11-27 15:38:57] DB Connexion failed on port 3307: SQLSTATE[HY000] [2002] Aucune connexion n’a pu être établie car l’ordinateur cible l’a expressément refusée
[2025-11-27 15:38:57] DB Connexion Erreur: SQLSTATE[HY000] [2002] Aucune connexion n’a pu être établie car l’ordinateur cible l’a expressément refusée
[2025-11-27 15:38:57] DB Connexion Erreur: SQLSTATE[HY000] [2002] Aucune connexion n’a pu être établie car l’ordinateur cible l’a expressément refusée
[2025-11-27 15:38:58] DB Connexion failed on port 3307: SQLSTATE[HY000] [2002] Aucune connexion n’a pu être établie car l’ordinateur cible l’a expressément refusée
[2025-11-27 15:38:58] DB Connexion Erreur: SQLSTATE[HY000] [2002] Aucune connexion n’a pu être établie car l’ordinateur cible l’a expressément refusée
[2025-11-27 15:38:58] DB Connexion Erreur: SQLSTATE[HY000] [2002] Aucune connexion n’a pu être établie car l’ordinateur cible l’a expressément refusée
[2025-11-27 15:38:58] DB Connexion failed on port 3307: SQLSTATE[HY000] [2002] Aucune connexion n’a pu être établie car l’ordinateur cible l’a expressément refusée
[2025-11-27 15:38:58] DB Connexion Erreur: SQLSTATE[HY000] [2002] Aucune connexion n’a pu être établie car l’ordinateur cible l’a expressément refusée
[2025-11-27 15:38:58] DB Connexion Erreur: SQLSTATE[HY000] [2002] Aucune connexion n’a pu être établie car l’ordinateur cible l’a expressément refusée
[2025-11-27 15:38:58] DB Connexion failed on port 3307: SQLSTATE[HY000] [2002] Aucune connexion n’a pu être établie car l’ordinateur cible l’a expressément refusée
[2025-11-27 15:38:58] DB Connexion Erreur: SQLSTATE[HY000] [2002] Aucune connexion n’a pu être établie car l’ordinateur cible l’a expressément refusée
[2025-11-27 15:38:58] DB Connexion Erreur: SQLSTATE[HY000] [2002] Aucune connexion n’a pu être établie car l’ordinateur cible l’a expressément refusée
[2025-11-27 15:38:58] DB Connexion failed on port 3307: SQLSTATE[HY000] [2002] Aucune connexion n’a pu être établie car l’ordinateur cible l’a expressément refusée
[2025-11-27 15:38:58] DB Connexion Erreur: SQLSTATE[HY000] [2002] Aucune connexion n’a pu être établie car l’ordinateur cible l’a expressément refusée
[2025-11-27 15:38:58] DB Connexion Erreur: SQLSTATE[HY000] [2002] Aucune connexion n’a pu être établie car l’ordinateur cible l’a expressément refusée
[2025-11-27 15:38:59] DB Connexion failed on port 3307: SQLSTATE[HY000] [2002] Aucune connexion n’a pu être établie car l’ordinateur cible l’a expressément refusée
[2025-11-27 15:38:59] DB Connexion Erreur: SQLSTATE[HY000] [2002] Aucune connexion n’a pu être établie car l’ordinateur cible l’a expressément refusée
[2025-11-27 15:38:59] New post create request: send_by=vdsf, contenu=fvdsvfd
[2025-11-27 15:38:59] DB Connexion failed on port 3307: SQLSTATE[HY000] [2002] Aucune connexion n’a pu être établie car l’ordinateur cible l’a expressément refusée
[2025-11-27 15:38:59] DB Connexion Erreur: SQLSTATE[HY000] [2002] Aucune connexion n’a pu être établie car l’ordinateur cible l’a expressément refusée
[2025-11-27 15:38:59] DB Connexion Erreur: SQLSTATE[HY000] [2002] Aucune connexion n’a pu être établie car l’ordinateur cible l’a expressément refusée
[2025-11-27 15:39:01] DB Connexion failed on port 3306: SQLSTATE[HY000] [2002] Aucune connexion n’a pu être établie car l’ordinateur cible l’a expressément refusée
[2025-11-27 15:39:03] DB Connexion failed on port 3307: SQLSTATE[HY000] [2002] Aucune connexion n’a pu être établie car l’ordinateur cible l’a expressément refusée
[2025-11-27 15:39:03] DB Connexion Erreur: SQLSTATE[HY000] [2002] Aucune connexion n’a pu être établie car l’ordinateur cible l’a expressément refusée
[2025-11-28 14:35:56] DB Connexion failed on port 3306: SQLSTATE[HY000] [2002] Aucune connexion n’a pu être établie car l’ordinateur cible l’a expressément refusée
[2025-11-28 14:35:58] DB Connexion failed on port 3307: SQLSTATE[HY000] [2002] Aucune connexion n’a pu être établie car l’ordinateur cible l’a expressément refusée
[2025-11-28 14:35:58] DB Connexion Erreur: SQLSTATE[HY000] [2002] Aucune connexion n’a pu être établie car l’ordinateur cible l’a expressément refusée
[2025-11-28 14:35:59] DB Connexion failed on port 3306: SQLSTATE[HY000] [2002] Aucune connexion n’a pu être établie car l’ordinateur cible l’a expressément refusée
[2025-11-28 14:36:00] DB Connexion failed on port 3306: SQLSTATE[HY000] [2002] Aucune connexion n’a pu être établie car l’ordinateur cible l’a expressément refusée
[2025-11-28 14:36:01] DB Connexion failed on port 3307: SQLSTATE[HY000] [2002] Aucune connexion n’a pu être établie car l’ordinateur cible l’a expressément refusée
[2025-11-28 14:36:01] DB Connexion Erreur: SQLSTATE[HY000] [2002] Aucune connexion n’a pu être établie car l’ordinateur cible l’a expressément refusée
[2025-11-28 14:36:02] DB Connexion failed on port 3307: SQLSTATE[HY000] [2002] Aucune connexion n’a pu être établie car l’ordinateur cible l’a expressément refusée
[2025-11-28 14:36:02] DB Connexion Erreur: SQLSTATE[HY000] [2002] Aucune connexion n’a pu être établie car l’ordinateur cible l’a expressément refusée
[2025-11-28 14:36:03] DB Connexion failed on port 3306: SQLSTATE[HY000] [2002] Aucune connexion n’a pu être établie car l’ordinateur cible l’a expressément refusée
[2025-11-28 14:36:04] DB Connexion failed on port 3306: SQLSTATE[HY000] [2002] Aucune connexion n’a pu être établie car l’ordinateur cible l’a expressément refusée
[2025-11-28 14:36:05] DB Connexion failed on port 3307: SQLSTATE[HY000] [2002] Aucune connexion n’a pu être établie car l’ordinateur cible l’a expressément refusée
[2025-11-28 14:36:05] DB Connexion Erreur: SQLSTATE[HY000] [2002] Aucune connexion n’a pu être établie car l’ordinateur cible l’a expressément refusée
[2025-11-28 14:36:05] New post create request: send_by=xsxs, contenu=sxs
[2025-11-28 14:36:06] DB Connexion failed on port 3307: SQLSTATE[HY000] [2002] Aucune connexion n’a pu être établie car l’ordinateur cible l’a expressément refusée
[2025-11-28 14:36:06] DB Connexion Erreur: SQLSTATE[HY000] [2002] Aucune connexion n’a pu être établie car l’ordinateur cible l’a expressément refusée
[2025-11-28 14:36:06] DB Connexion Erreur: SQLSTATE[HY000] [2002] Aucune connexion n’a pu être établie car l’ordinateur cible l’a expressément refusée
[2025-11-28 14:36:10] DB Connexion failed on port 3306: SQLSTATE[HY000] [2006] MySQL server has gone away
[2025-11-28 14:36:12] DB Connexion failed on port 3307: SQLSTATE[HY000] [2002] Aucune connexion n’a pu être établie car l’ordinateur cible l’a expressément refusée
[2025-11-28 14:36:12] DB Connexion Erreur: SQLSTATE[HY000] [2002] Aucune connexion n’a pu être établie car l’ordinateur cible l’a expressément refusée
[2025-11-28 14:40:35] DB Connexion failed on port 3306: SQLSTATE[HY000] [2002] Aucune connexion n’a pu être établie car l’ordinateur cible l’a expressément refusée
[2025-11-28 14:40:38] DB Connexion failed on port 3307: SQLSTATE[HY000] [2002] Aucune connexion n’a pu être établie car l’ordinateur cible l’a expressément refusée
[2025-11-28 14:40:38] DB Connexion Erreur: SQLSTATE[HY000] [2002] Aucune connexion n’a pu être établie car l’ordinateur cible l’a expressément refusée
[2025-11-28 14:40:40] DB Connexion failed on port 3306: SQLSTATE[HY000] [2002] Aucune connexion n’a pu être établie car l’ordinateur cible l’a expressément refusée
[2025-11-28 14:40:42] DB Connexion failed on port 3307: SQLSTATE[HY000] [2002] Aucune connexion n’a pu être établie car l’ordinateur cible l’a expressément refusée
[2025-11-28 14:40:42] DB Connexion Erreur: SQLSTATE[HY000] [2002] Aucune connexion n’a pu être établie car l’ordinateur cible l’a expressément refusée
[2025-11-28 14:49:11] DB Connexion failed on port 3306: SQLSTATE[HY000] [2002] Aucune connexion n’a pu être établie car l’ordinateur cible l’a expressément refusée
[2025-11-28 14:49:13] DB Connexion failed on port 3307: SQLSTATE[HY000] [2002] Aucune connexion n’a pu être établie car l’ordinateur cible l’a expressément refusée
[2025-11-28 14:49:13] DB Connexion Erreur: SQLSTATE[HY000] [2002] Aucune connexion n’a pu être établie car l’ordinateur cible l’a expressément refusée
[2025-11-28 14:49:15] DB Connexion failed on port 3306: SQLSTATE[HY000] [2002] Aucune connexion n’a pu être établie car l’ordinateur cible l’a expressément refusée
[2025-11-28 14:49:15] DB Connexion failed on port 3306: SQLSTATE[HY000] [2002] Aucune connexion n’a pu être établie car l’ordinateur cible l’a expressément refusée
[2025-11-28 14:49:17] DB Connexion failed on port 3307: SQLSTATE[HY000] [2002] Aucune connexion n’a pu être établie car l’ordinateur cible l’a expressément refusée
[2025-11-28 14:49:17] DB Connexion Erreur: SQLSTATE[HY000] [2002] Aucune connexion n’a pu être établie car l’ordinateur cible l’a expressément refusée
[2025-11-28 14:49:17] DB Connexion failed on port 3307: SQLSTATE[HY000] [2002] Aucune connexion n’a pu être établie car l’ordinateur cible l’a expressément refusée
[2025-11-28 14:49:17] DB Connexion Erreur: SQLSTATE[HY000] [2002] Aucune connexion n’a pu être établie car l’ordinateur cible l’a expressément refusée
[2025-11-28 14:49:19] DB Connexion failed on port 3306: SQLSTATE[HY000] [2006] MySQL server has gone away
[2025-11-28 14:49:19] DB Connexion failed on port 3306: SQLSTATE[HY000] [2006] MySQL server has gone away
[2025-11-28 14:49:21] DB Connexion failed on port 3307: SQLSTATE[HY000] [2002] Aucune connexion n’a pu être établie car l’ordinateur cible l’a expressément refusée
[2025-11-28 14:49:21] DB Connexion failed on port 3307: SQLSTATE[HY000] [2002] Aucune connexion n’a pu être établie car l’ordinateur cible l’a expressément refusée
[2025-11-28 14:49:21] DB Connexion Erreur: SQLSTATE[HY000] [2002] Aucune connexion n’a pu être établie car l’ordinateur cible l’a expressément refusée
[2025-11-28 14:49:21] New post create request: send_by=wd, contenu=wdw
[2025-11-28 14:49:21] DB Connexion Erreur: SQLSTATE[HY000] [2002] Aucune connexion n’a pu être établie car l’ordinateur cible l’a expressément refusée
[2025-11-28 14:49:21] DB Connexion Erreur: SQLSTATE[HY000] [2002] Aucune connexion n’a pu être établie car l’ordinateur cible l’a expressément refusée
[2025-11-28 14:49:23] DB Connexion failed on port 3306: SQLSTATE[HY000] [2002] Aucune connexion n’a pu être établie car l’ordinateur cible l’a expressément refusée
[2025-11-28 14:49:25] DB Connexion failed on port 3307: SQLSTATE[HY000] [2002] Aucune connexion n’a pu être établie car l’ordinateur cible l’a expressément refusée
[2025-11-28 14:49:25] DB Connexion Erreur: SQLSTATE[HY000] [2002] Aucune connexion n’a pu être établie car l’ordinateur cible l’a expressément refusée
[2025-11-28 14:54:37] DB Connexion failed on port 3306: SQLSTATE[HY000] [2002] Aucune connexion n’a pu être établie car l’ordinateur cible l’a expressément refusée
[2025-11-28 14:54:39] DB Connexion failed on port 3307: SQLSTATE[HY000] [2002] Aucune connexion n’a pu être établie car l’ordinateur cible l’a expressément refusée
[2025-11-28 14:54:39] DB Connexion Erreur: SQLSTATE[HY000] [2002] Aucune connexion n’a pu être établie car l’ordinateur cible l’a expressément refusée
[2025-11-28 14:54:39] DB Connexion failed on port 3306: SQLSTATE[HY000] [2002] Aucune connexion n’a pu être établie car l’ordinateur cible l’a expressément refusée
[2025-11-28 14:54:40] DB Connexion failed on port 3306: SQLSTATE[HY000] [2002] Aucune connexion n’a pu être établie car l’ordinateur cible l’a expressément refusée
[2025-11-28 14:54:40] DB Connexion failed on port 3306: SQLSTATE[HY000] [2002] Aucune connexion n’a pu être établie car l’ordinateur cible l’a expressément refusée
[2025-11-28 14:54:40] DB Connexion failed on port 3306: SQLSTATE[HY000] [2002] Aucune connexion n’a pu être établie car l’ordinateur cible l’a expressément refusée
[2025-11-28 14:54:40] DB Connexion failed on port 3306: SQLSTATE[HY000] [2002] Aucune connexion n’a pu être établie car l’ordinateur cible l’a expressément refusée
[2025-11-28 14:54:41] DB Connexion failed on port 3306: SQLSTATE[HY000] [2002] Aucune connexion n’a pu être établie car l’ordinateur cible l’a expressément refusée
[2025-11-28 14:54:42] DB Connexion failed on port 3307: SQLSTATE[HY000] [2002] Aucune connexion n’a pu être établie car l’ordinateur cible l’a expressément refusée
[2025-11-28 14:54:42] DB Connexion Erreur: SQLSTATE[HY000] [2002] Aucune connexion n’a pu être établie car l’ordinateur cible l’a expressément refusée
[2025-11-28 14:54:42] DB Connexion failed on port 3307: SQLSTATE[HY000] [2002] Aucune connexion n’a pu être établie car l’ordinateur cible l’a expressément refusée
[2025-11-28 14:54:42] DB Connexion Erreur: SQLSTATE[HY000] [2002] Aucune connexion n’a pu être établie car l’ordinateur cible l’a expressément refusée
[2025-11-28 14:54:42] DB Connexion failed on port 3307: SQLSTATE[HY000] [2002] Aucune connexion n’a pu être établie car l’ordinateur cible l’a expressément refusée
[2025-11-28 14:54:42] DB Connexion Erreur: SQLSTATE[HY000] [2002] Aucune connexion n’a pu être établie car l’ordinateur cible l’a expressément refusée
[2025-11-28 14:54:42] DB Connexion failed on port 3307: SQLSTATE[HY000] [2002] Aucune connexion n’a pu être établie car l’ordinateur cible l’a expressément refusée
[2025-11-28 14:54:42] DB Connexion Erreur: SQLSTATE[HY000] [2002] Aucune connexion n’a pu être établie car l’ordinateur cible l’a expressément refusée
[2025-11-28 14:54:42] DB Connexion failed on port 3307: SQLSTATE[HY000] [2002] Aucune connexion n’a pu être établie car l’ordinateur cible l’a expressément refusée
[2025-11-28 14:54:42] DB Connexion Erreur: SQLSTATE[HY000] [2002] Aucune connexion n’a pu être établie car l’ordinateur cible l’a expressément refusée
[2025-11-28 14:54:43] DB Connexion failed on port 3307: SQLSTATE[HY000] [2002] Aucune connexion n’a pu être établie car l’ordinateur cible l’a expressément refusée
[2025-11-28 14:54:43] DB Connexion Erreur: SQLSTATE[HY000] [2002] Aucune connexion n’a pu être établie car l’ordinateur cible l’a expressément refusée
[2025-11-28 14:54:44] DB Connexion failed on port 3306: SQLSTATE[HY000] [2002] Aucune connexion n’a pu être établie car l’ordinateur cible l’a expressément refusée
[2025-11-28 14:54:44] DB Connexion failed on port 3306: SQLSTATE[HY000] [2002] Aucune connexion n’a pu être établie car l’ordinateur cible l’a expressément refusée
[2025-11-28 14:54:44] DB Connexion failed on port 3306: SQLSTATE[HY000] [2002] Aucune connexion n’a pu être établie car l’ordinateur cible l’a expressément refusée
[2025-11-28 14:54:44] DB Connexion failed on port 3306: SQLSTATE[HY000] [2002] Aucune connexion n’a pu être établie car l’ordinateur cible l’a expressément refusée
[2025-11-28 14:54:44] DB Connexion failed on port 3306: SQLSTATE[HY000] [2002] Aucune connexion n’a pu être établie car l’ordinateur cible l’a expressément refusée
[2025-11-28 14:54:46] DB Connexion failed on port 3307: SQLSTATE[HY000] [2002] Aucune connexion n’a pu être établie car l’ordinateur cible l’a expressément refusée
[2025-11-28 14:54:46] DB Connexion Erreur: SQLSTATE[HY000] [2002] Aucune connexion n’a pu être établie car l’ordinateur cible l’a expressément refusée
[2025-11-28 14:54:46] DB Connexion failed on port 3307: SQLSTATE[HY000] [2002] Aucune connexion n’a pu être établie car l’ordinateur cible l’a expressément refusée
[2025-11-28 14:54:46] DB Connexion Erreur: SQLSTATE[HY000] [2002] Aucune connexion n’a pu être établie car l’ordinateur cible l’a expressément refusée
[2025-11-28 14:54:46] DB Connexion failed on port 3307: SQLSTATE[HY000] [2002] Aucune connexion n’a pu être établie car l’ordinateur cible l’a expressément refusée
[2025-11-28 14:54:46] DB Connexion Erreur: SQLSTATE[HY000] [2002] Aucune connexion n’a pu être établie car l’ordinateur cible l’a expressément refusée
[2025-11-28 14:54:46] DB Connexion failed on port 3307: SQLSTATE[HY000] [2002] Aucune connexion n’a pu être établie car l’ordinateur cible l’a expressément refusée
[2025-11-28 14:54:46] DB Connexion Erreur: SQLSTATE[HY000] [2002] Aucune connexion n’a pu être établie car l’ordinateur cible l’a expressément refusée
[2025-11-28 14:54:46] DB Connexion failed on port 3307: SQLSTATE[HY000] [2002] Aucune connexion n’a pu être établie car l’ordinateur cible l’a expressément refusée
[2025-11-28 14:54:46] DB Connexion Erreur: SQLSTATE[HY000] [2002] Aucune connexion n’a pu être établie car l’ordinateur cible l’a expressément refusée
[2025-11-30 18:42:10] DB Connexion OK: host=127.0.0.1;port=3306;dbname=ecotrack
[2025-11-30 18:42:10] Fetched posts rows: 0
[2025-11-30 18:42:20] DB Connexion OK: host=127.0.0.1;port=3306;dbname=ecotrack
[2025-11-30 18:42:20] New post create request: send_by=crrcrsc, contenu=cesdcrdxdxscccr
[2025-11-30 18:42:20] New post insert ok: id=1
[2025-11-30 18:42:20] DB Connexion OK: host=127.0.0.1;port=3306;dbname=ecotrack
[2025-11-30 18:42:20] Fetched posts rows: 1
[2025-11-30 18:42:43] DB Connexion OK: host=127.0.0.1;port=3306;dbname=ecotrack
[2025-11-30 18:42:43] Delete comment request id=1
[2025-11-30 18:42:43] DB Connexion OK: host=127.0.0.1;port=3306;dbname=ecotrack
[2025-11-30 18:42:43] Fetched posts rows: 1
[2025-11-30 18:42:45] DB Connexion OK: host=127.0.0.1;port=3306;dbname=ecotrack
[2025-11-30 18:42:48] DB Connexion OK: host=127.0.0.1;port=3306;dbname=ecotrack
[2025-11-30 18:42:50] DB Connexion OK: host=127.0.0.1;port=3306;dbname=ecotrack
[2025-11-30 18:42:50] Fetched posts rows: 1
[2025-11-30 18:45:52] DB Connexion OK: host=127.0.0.1;port=3306;dbname=ecotrack
[2025-11-30 18:45:52] Fetched posts rows: 1
[2025-11-30 18:45:53] DB Connexion OK: host=127.0.0.1;port=3306;dbname=ecotrack
[2025-11-30 18:45:53] Fetched posts rows: 1
[2025-11-30 18:45:53] DB Connexion OK: host=127.0.0.1;port=3306;dbname=ecotrack
[2025-11-30 18:45:53] Fetched posts rows: 1
[2025-11-30 18:45:53] DB Connexion OK: host=127.0.0.1;port=3306;dbname=ecotrack
[2025-11-30 18:45:53] Fetched posts rows: 1
[2025-11-30 18:45:55] DB Connexion OK: host=127.0.0.1;port=3306;dbname=ecotrack
[2025-11-30 18:45:55] DB Connexion OK: host=127.0.0.1;port=3306;dbname=ecotrack
[2025-11-30 18:45:55] Fetched posts rows: 0
[2025-11-30 18:46:10] DB Connexion OK: host=127.0.0.1;port=3306;dbname=ecotrack
[2025-11-30 18:46:10] New post create request: send_by=iyed, contenu=?<><><><
[2025-11-30 18:46:10] New post insert ok: id=2
[2025-11-30 18:46:10] DB Connexion OK: host=127.0.0.1;port=3306;dbname=ecotrack
[2025-11-30 18:46:10] Fetched posts rows: 1
[2025-11-30 18:46:20] DB Connexion OK: host=127.0.0.1;port=3306;dbname=ecotrack
[2025-11-30 18:46:20] Add comment request parent_id=2, send_by=iyed, contenu=weyeeeeeee
[2025-11-30 18:46:20] DB Connexion OK: host=127.0.0.1;port=3306;dbname=ecotrack
[2025-11-30 18:46:20] Fetched posts rows: 1
[2025-11-30 18:46:23] DB Connexion OK: host=127.0.0.1;port=3306;dbname=ecotrack
[2025-11-30 18:49:32] DB Connexion OK: host=127.0.0.1;port=3306;dbname=ecotrack
[2025-11-30 18:49:45] DB Connexion OK: host=127.0.0.1;port=3306;dbname=ecotrack
[2025-11-30 18:49:45] Fetched posts rows: 1
[2025-11-30 18:54:55] DB Connexion OK: host=127.0.0.1;port=3306;dbname=ecotrack
[2025-11-30 18:54:55] Fetched posts rows: 1
[2025-11-30 18:54:57] DB Connexion OK: host=127.0.0.1;port=3306;dbname=ecotrack
[2025-11-30 18:54:58] DB Connexion OK: host=127.0.0.1;port=3306;dbname=ecotrack
[2025-11-30 18:55:00] DB Connexion OK: host=127.0.0.1;port=3306;dbname=ecotrack
[2025-11-30 18:55:12] DB Connexion OK: host=127.0.0.1;port=3306;dbname=ecotrack
[2025-11-30 18:55:12] DB Connexion OK: host=127.0.0.1;port=3306;dbname=ecotrack
[2025-11-30 18:55:13] DB Connexion OK: host=127.0.0.1;port=3306;dbname=ecotrack
[2025-11-30 18:55:15] DB Connexion OK: host=127.0.0.1;port=3306;dbname=ecotrack
[2025-11-30 18:55:15] Fetched posts rows: 1
[2025-11-30 18:55:17] DB Connexion OK: host=127.0.0.1;port=3306;dbname=ecotrack
[2025-11-30 18:55:17] Fetched posts rows: 1
[2025-11-30 18:55:17] DB Connexion OK: host=127.0.0.1;port=3306;dbname=ecotrack
[2025-11-30 18:55:17] Fetched posts rows: 1
[2025-11-30 18:55:17] DB Connexion OK: host=127.0.0.1;port=3306;dbname=ecotrack
[2025-11-30 18:55:17] Fetched posts rows: 1
[2025-11-30 18:55:17] DB Connexion OK: host=127.0.0.1;port=3306;dbname=ecotrack
[2025-11-30 18:55:17] Fetched posts rows: 1
[2025-11-30 18:55:19] DB Connexion OK: host=127.0.0.1;port=3306;dbname=ecotrack
[2025-11-30 18:55:19] DB Connexion OK: host=127.0.0.1;port=3306;dbname=ecotrack
[2025-11-30 18:55:19] Fetched posts rows: 0
[2025-11-30 18:57:09] DB Connexion OK: host=127.0.0.1;port=3306;dbname=ecotrack
[2025-11-30 18:57:09] Fetched posts rows: 0
[2025-11-30 18:57:09] DB Connexion OK: host=127.0.0.1;port=3306;dbname=ecotrack
[2025-11-30 18:57:09] Fetched posts rows: 0
[2025-11-30 18:57:10] DB Connexion OK: host=127.0.0.1;port=3306;dbname=ecotrack
[2025-11-30 18:57:11] Fetched posts rows: 0
[2025-11-30 18:57:11] DB Connexion OK: host=127.0.0.1;port=3306;dbname=ecotrack
[2025-11-30 18:57:11] Fetched posts rows: 0
[2025-11-30 18:57:11] DB Connexion OK: host=127.0.0.1;port=3306;dbname=ecotrack
[2025-11-30 18:57:11] Fetched posts rows: 0
[2025-11-30 18:57:11] DB Connexion OK: host=127.0.0.1;port=3306;dbname=ecotrack
[2025-11-30 18:57:11] Fetched posts rows: 0
[2025-11-30 18:57:21] DB Connexion OK: host=127.0.0.1;port=3306;dbname=ecotrack
[2025-11-30 18:57:21] New post create request: send_by=iyed saadouni, contenu=aya tjieeeeeeeeeeeeeee
[2025-11-30 18:57:21] New post insert ok: id=3
[2025-11-30 18:57:21] DB Connexion OK: host=127.0.0.1;port=3306;dbname=ecotrack
[2025-11-30 18:57:21] Fetched posts rows: 1
[2025-11-30 18:57:35] DB Connexion OK: host=127.0.0.1;port=3306;dbname=ecotrack
[2025-11-30 18:57:35] Add comment request parent_id=3, send_by=damin, contenu=net3acha w nji
[2025-11-30 18:57:36] DB Connexion OK: host=127.0.0.1;port=3306;dbname=ecotrack
[2025-11-30 18:57:36] Fetched posts rows: 1
[2025-11-30 18:57:38] DB Connexion OK: host=127.0.0.1;port=3306;dbname=ecotrack
[2025-11-30 18:57:42] DB Connexion OK: host=127.0.0.1;port=3306;dbname=ecotrack
[2025-11-30 18:57:42] DB Connexion OK: host=127.0.0.1;port=3306;dbname=ecotrack
[2025-11-30 18:57:42] DB Connexion OK: host=127.0.0.1;port=3306;dbname=ecotrack
[2025-11-30 18:57:42] DB Connexion OK: host=127.0.0.1;port=3306;dbname=ecotrack
[2025-11-30 18:57:43] DB Connexion OK: host=127.0.0.1;port=3306;dbname=ecotrack
[2025-11-30 18:57:43] DB Connexion OK: host=127.0.0.1;port=3306;dbname=ecotrack
[2025-11-30 18:57:43] DB Connexion OK: host=127.0.0.1;port=3306;dbname=ecotrack
[2025-11-30 18:57:43] DB Connexion OK: host=127.0.0.1;port=3306;dbname=ecotrack
[2025-11-30 18:57:43] DB Connexion OK: host=127.0.0.1;port=3306;dbname=ecotrack
[2025-11-30 18:57:43] DB Connexion OK: host=127.0.0.1;port=3306;dbname=ecotrack
[2025-11-30 18:59:38] DB Connexion OK: host=127.0.0.1;port=3306;dbname=ecotrack
[2025-11-30 18:59:39] DB Connexion OK: host=127.0.0.1;port=3306;dbname=ecotrack
[2025-11-30 18:59:39] DB Connexion OK: host=127.0.0.1;port=3306;dbname=ecotrack
[2025-11-30 18:59:39] DB Connexion OK: host=127.0.0.1;port=3306;dbname=ecotrack
[2025-11-30 18:59:39] DB Connexion OK: host=127.0.0.1;port=3306;dbname=ecotrack
[2025-11-30 18:59:39] DB Connexion OK: host=127.0.0.1;port=3306;dbname=ecotrack
[2025-11-30 18:59:39] DB Connexion OK: host=127.0.0.1;port=3306;dbname=ecotrack
[2025-11-30 18:59:39] DB Connexion OK: host=127.0.0.1;port=3306;dbname=ecotrack
[2025-11-30 18:59:40] DB Connexion OK: host=127.0.0.1;port=3306;dbname=ecotrack
[2025-11-30 19:00:00] DB Connexion OK: host=127.0.0.1;port=3306;dbname=ecotrack
[2025-11-30 19:00:00] Fetched posts rows: 1
[2025-11-30 19:00:08] DB Connexion OK: host=127.0.0.1;port=3306;dbname=ecotrack
[2025-11-30 19:06:36] DB Connexion OK: host=127.0.0.1;port=3306;dbname=ecotrack
[2025-11-30 19:06:36] Fetched posts rows: 1
[2025-11-30 19:06:36] DB Connexion OK: host=127.0.0.1;port=3306;dbname=ecotrack
[2025-11-30 19:06:36] Fetched posts rows: 1
[2025-11-30 19:06:36] DB Connexion OK: host=127.0.0.1;port=3306;dbname=ecotrack
[2025-11-30 19:06:36] Fetched posts rows: 1
[2025-11-30 19:25:09] DB Connexion OK: host=127.0.0.1;port=3306;dbname=ecotrack
[2025-11-30 19:25:09] Fetched posts rows: 1
[2025-11-30 19:25:15] DB Connexion OK: host=127.0.0.1;port=3306;dbname=ecotrack
[2025-11-30 19:25:15] Fetched posts rows: 1
[2025-11-30 19:25:18] DB Connexion OK: host=127.0.0.1;port=3306;dbname=ecotrack
[2025-11-30 19:25:18] Fetched posts rows: 1
[2025-11-30 19:25:19] DB Connexion OK: host=127.0.0.1;port=3306;dbname=ecotrack
[2025-11-30 19:25:19] Fetched posts rows: 1
[2025-11-30 19:25:19] DB Connexion OK: host=127.0.0.1;port=3306;dbname=ecotrack
[2025-11-30 19:25:19] Fetched posts rows: 1
[2025-11-30 19:25:19] DB Connexion OK: host=127.0.0.1;port=3306;dbname=ecotrack
[2025-11-30 19:25:19] Fetched posts rows: 1
[2025-11-30 19:25:19] DB Connexion OK: host=127.0.0.1;port=3306;dbname=ecotrack
[2025-11-30 19:25:19] Fetched posts rows: 1
[2025-11-30 19:25:19] DB Connexion OK: host=127.0.0.1;port=3306;dbname=ecotrack
[2025-11-30 19:25:19] Fetched posts rows: 1
[2025-11-30 19:25:33] DB Connexion OK: host=127.0.0.1;port=3306;dbname=ecotrack
[2025-11-30 19:25:33] New post create request: send_by=Neur, contenu=ich liebe dich
[2025-11-30 19:25:33] New post insert ok: id=4
[2025-11-30 19:25:33] DB Connexion OK: host=127.0.0.1;port=3306;dbname=ecotrack
[2025-11-30 19:25:33] Fetched posts rows: 2
[2025-11-30 19:25:47] DB Connexion OK: host=127.0.0.1;port=3306;dbname=ecotrack
[2025-11-30 19:25:48] Add comment request parent_id=4, send_by=Kane, contenu=GOAAAAALLLLLLLLLL
[2025-11-30 19:25:48] DB Connexion OK: host=127.0.0.1;port=3306;dbname=ecotrack
[2025-11-30 19:25:48] Fetched posts rows: 2
[2025-11-30 19:25:50] DB Connexion OK: host=127.0.0.1;port=3306;dbname=ecotrack
[2025-11-30 19:25:51] Fetched posts rows: 2
[2025-11-30 19:26:07] DB Connexion OK: host=127.0.0.1;port=3306;dbname=ecotrack
[2025-11-30 19:26:07] Fetched posts rows: 2
[2025-11-30 19:26:18] DB Connexion OK: host=127.0.0.1;port=3306;dbname=ecotrack
[2025-11-30 19:26:18] Add comment request parent_id=4, send_by=Muller, contenu=GG TEAM
[2025-11-30 19:26:18] DB Connexion OK: host=127.0.0.1;port=3306;dbname=ecotrack
[2025-11-30 19:26:18] Fetched posts rows: 3
[2025-11-30 19:26:21] DB Connexion OK: host=127.0.0.1;port=3306;dbname=ecotrack
[2025-11-30 19:26:21] Fetched posts rows: 3
[2025-11-30 19:28:33] DB Connexion OK: host=127.0.0.1;port=3306;dbname=ecotrack
[2025-11-30 19:28:33] Fetched posts rows: 3
[2025-11-30 19:28:34] DB Connexion OK: host=127.0.0.1;port=3306;dbname=ecotrack
[2025-11-30 19:28:34] Fetched posts rows: 3
[2025-11-30 19:28:41] DB Connexion OK: host=127.0.0.1;port=3306;dbname=ecotrack
[2025-11-30 19:28:41] Fetched posts rows: 3
[2025-11-30 19:28:41] DB Connexion OK: host=127.0.0.1;port=3306;dbname=ecotrack
[2025-11-30 19:28:41] Fetched posts rows: 3
[2025-11-30 19:28:41] DB Connexion OK: host=127.0.0.1;port=3306;dbname=ecotrack
[2025-11-30 19:28:41] Fetched posts rows: 3
[2025-11-30 19:28:42] DB Connexion OK: host=127.0.0.1;port=3306;dbname=ecotrack
[2025-11-30 19:28:42] Fetched posts rows: 3
[2025-11-30 19:28:42] DB Connexion OK: host=127.0.0.1;port=3306;dbname=ecotrack
[2025-11-30 19:28:42] Fetched posts rows: 3
[2025-11-30 19:28:42] DB Connexion OK: host=127.0.0.1;port=3306;dbname=ecotrack
[2025-11-30 19:28:42] Fetched posts rows: 3
[2025-11-30 19:34:56] DB Connexion OK: host=127.0.0.1;port=3306;dbname=ecotrack
[2025-11-30 19:34:56] Fetched posts rows: 3
[2025-12-01 16:13:12] DB Connexion OK: host=127.0.0.1;port=3306;dbname=ecotrack
[2025-12-01 16:13:13] Fetched posts rows: 3
[2025-12-01 16:13:29] DB Connexion OK: host=127.0.0.1;port=3306;dbname=ecotrack
[2025-12-01 16:13:29] Fetched posts rows: 3
[2025-12-01 16:13:48] DB Connexion OK: host=127.0.0.1;port=3306;dbname=ecotrack
[2025-12-01 16:13:48] Fetched posts rows: 3
[2025-12-01 16:14:32] DB Connexion OK: host=127.0.0.1;port=3306;dbname=ecotrack
[2025-12-01 16:14:32] Fetched posts rows: 3
[2025-12-01 16:14:34] DB Connexion OK: host=127.0.0.1;port=3306;dbname=ecotrack
[2025-12-01 16:14:34] Fetched posts rows: 3
[2025-12-01 16:14:35] DB Connexion OK: host=127.0.0.1;port=3306;dbname=ecotrack
[2025-12-01 16:14:35] Fetched posts rows: 3
[2025-12-01 16:14:37] DB Connexion OK: host=127.0.0.1;port=3306;dbname=ecotrack
[2025-12-01 16:14:38] Fetched posts rows: 3
[2025-12-01 16:14:47] DB Connexion OK: host=127.0.0.1;port=3306;dbname=ecotrack
[2025-12-01 16:14:47] Add comment request parent_id=4, send_by=Admin EcoTrack, contenu=hey

[2025-12-01 16:14:47] DB Connexion OK: host=127.0.0.1;port=3306;dbname=ecotrack
[2025-12-01 16:14:47] Fetched posts rows: 4
[2025-12-01 16:14:52] DB Connexion OK: host=127.0.0.1;port=3306;dbname=ecotrack
[2025-12-01 16:14:52] Delete comment request id=6
[2025-12-01 16:14:52] DB Connexion OK: host=127.0.0.1;port=3306;dbname=ecotrack
[2025-12-01 16:14:52] Fetched posts rows: 3
[2025-12-01 16:15:00] DB Connexion OK: host=127.0.0.1;port=3306;dbname=ecotrack
[2025-12-01 16:15:00] Fetched posts rows: 3
[2025-12-01 16:15:02] DB Connexion OK: host=127.0.0.1;port=3306;dbname=ecotrack
[2025-12-01 16:15:02] Fetched posts rows: 3
[2025-12-01 16:15:04] DB Connexion OK: host=127.0.0.1;port=3306;dbname=ecotrack
[2025-12-01 16:15:04] Fetched posts rows: 3
[2025-12-01 16:15:54] DB Connexion OK: host=127.0.0.1;port=3306;dbname=ecotrack
[2025-12-01 16:15:54] Fetched posts rows: 3
[2025-12-01 16:16:21] DB Connexion OK: host=127.0.0.1;port=3306;dbname=ecotrack
[2025-12-01 16:16:21] Fetched posts rows: 3
[2025-12-01 16:16:23] DB Connexion OK: host=127.0.0.1;port=3306;dbname=ecotrack
[2025-12-01 16:16:24] Fetched posts rows: 3
[2025-12-01 16:16:26] DB Connexion OK: host=127.0.0.1;port=3306;dbname=ecotrack
[2025-12-01 16:16:26] Fetched posts rows: 3
[2025-12-01 16:17:27] DB Connexion OK: host=127.0.0.1;port=3306;dbname=ecotrack
[2025-12-01 16:17:27] Fetched posts rows: 3
[2025-12-01 16:18:36] DB Connexion OK: host=127.0.0.1;port=3306;dbname=ecotrack
[2025-12-01 16:18:36] DB Connexion OK: host=127.0.0.1;port=3306;dbname=ecotrack
[2025-12-01 16:18:36] Fetched posts rows: 3
[2025-12-01 16:18:36] Fetched posts rows: 3
[2025-12-01 16:18:36] DB Connexion OK: host=127.0.0.1;port=3306;dbname=ecotrack
[2025-12-01 16:18:36] Fetched posts rows: 3
[2025-12-01 16:18:36] DB Connexion OK: host=127.0.0.1;port=3306;dbname=ecotrack
[2025-12-01 16:18:36] Fetched posts rows: 3
[2025-12-01 16:18:36] DB Connexion OK: host=127.0.0.1;port=3306;dbname=ecotrack
[2025-12-01 16:18:36] Fetched posts rows: 3
[2025-12-01 16:18:38] DB Connexion OK: host=127.0.0.1;port=3306;dbname=ecotrack
[2025-12-01 16:18:38] Fetched posts rows: 3
[2025-12-01 16:18:45] DB Connexion OK: host=127.0.0.1;port=3306;dbname=ecotrack
[2025-12-01 16:18:45] Fetched posts rows: 3
[2025-12-01 16:18:48] DB Connexion OK: host=127.0.0.1;port=3306;dbname=ecotrack
[2025-12-01 16:18:48] Fetched posts rows: 3
[2025-12-01 16:18:53] DB Connexion OK: host=127.0.0.1;port=3306;dbname=ecotrack
[2025-12-01 16:18:53] DB Connexion OK: host=127.0.0.1;port=3306;dbname=ecotrack
[2025-12-01 16:18:53] Fetched posts rows: 3
[2025-12-01 16:18:53] Fetched posts rows: 3
[2025-12-01 16:18:53] DB Connexion OK: host=127.0.0.1;port=3306;dbname=ecotrack
[2025-12-01 16:18:54] Fetched posts rows: 3
[2025-12-01 16:18:54] DB Connexion OK: host=127.0.0.1;port=3306;dbname=ecotrack
[2025-12-01 16:18:54] Fetched posts rows: 3
[2025-12-01 16:18:54] DB Connexion OK: host=127.0.0.1;port=3306;dbname=ecotrack
[2025-12-01 16:18:54] Fetched posts rows: 3
[2025-12-01 16:18:54] DB Connexion OK: host=127.0.0.1;port=3306;dbname=ecotrack
[2025-12-01 16:18:54] Fetched posts rows: 3
[2025-12-01 16:19:16] DB Connexion OK: host=127.0.0.1;port=3306;dbname=ecotrack
[2025-12-01 16:19:16] DB Connexion OK: host=127.0.0.1;port=3306;dbname=ecotrack
[2025-12-01 16:19:16] Fetched posts rows: 3
[2025-12-01 16:19:16] DB Connexion OK: host=127.0.0.1;port=3306;dbname=ecotrack
[2025-12-01 16:19:16] Fetched posts rows: 3
[2025-12-01 16:19:17] Fetched posts rows: 3
[2025-12-01 16:19:17] DB Connexion OK: host=127.0.0.1;port=3306;dbname=ecotrack
[2025-12-01 16:19:17] Fetched posts rows: 3
[2025-12-01 16:19:17] DB Connexion OK: host=127.0.0.1;port=3306;dbname=ecotrack
[2025-12-01 16:19:17] Fetched posts rows: 3
[2025-12-01 16:19:20] DB Connexion OK: host=127.0.0.1;port=3306;dbname=ecotrack
[2025-12-01 16:19:20] Add comment request parent_id=4, send_by=Admin EcoTrack, contenu=fwfaa
[2025-12-01 16:19:20] DB Connexion OK: host=127.0.0.1;port=3306;dbname=ecotrack
[2025-12-01 16:19:21] Fetched posts rows: 4
[2025-12-01 16:19:27] DB Connexion OK: host=127.0.0.1;port=3306;dbname=ecotrack
[2025-12-01 16:19:27] Delete comment request id=7
[2025-12-01 16:19:27] DB Connexion OK: host=127.0.0.1;port=3306;dbname=ecotrack
[2025-12-01 16:19:27] Fetched posts rows: 3
[2025-12-01 16:19:38] DB Connexion OK: host=127.0.0.1;port=3306;dbname=ecotrack
[2025-12-01 16:19:38] DB Connexion OK: host=127.0.0.1;port=3306;dbname=ecotrack
[2025-12-01 16:19:38] Fetched posts rows: 3
[2025-12-01 16:19:38] Fetched posts rows: 3
[2025-12-01 16:19:38] DB Connexion OK: host=127.0.0.1;port=3306;dbname=ecotrack
[2025-12-01 16:19:39] DB Connexion OK: host=127.0.0.1;port=3306;dbname=ecotrack
[2025-12-01 16:19:39] Fetched posts rows: 3
[2025-12-01 16:19:39] Fetched posts rows: 3
[2025-12-01 16:19:39] DB Connexion OK: host=127.0.0.1;port=3306;dbname=ecotrack
[2025-12-01 16:19:39] Fetched posts rows: 3
[2025-12-01 16:19:39] DB Connexion OK: host=127.0.0.1;port=3306;dbname=ecotrack
[2025-12-01 16:19:39] Fetched posts rows: 3
[2025-12-01 16:22:35] DB Connexion OK: host=127.0.0.1;port=3306;dbname=ecotrack
[2025-12-01 16:22:35] DB Connexion OK: host=127.0.0.1;port=3306;dbname=ecotrack
[2025-12-01 16:22:35] Fetched posts rows: 3
[2025-12-01 16:22:35] Fetched posts rows: 3
[2025-12-01 16:22:35] DB Connexion OK: host=127.0.0.1;port=3306;dbname=ecotrack
[2025-12-01 16:22:35] Fetched posts rows: 3
[2025-12-01 16:22:35] DB Connexion OK: host=127.0.0.1;port=3306;dbname=ecotrack
[2025-12-01 16:22:35] Fetched posts rows: 3
[2025-12-01 16:22:36] DB Connexion OK: host=127.0.0.1;port=3306;dbname=ecotrack
[2025-12-01 16:22:36] Fetched posts rows: 3
[2025-12-01 16:22:41] DB Connexion OK: host=127.0.0.1;port=3306;dbname=ecotrack
[2025-12-01 16:22:42] Fetched posts rows: 3
[2025-12-01 16:22:42] DB Connexion OK: host=127.0.0.1;port=3306;dbname=ecotrack
[2025-12-01 16:22:42] Fetched posts rows: 3
[2025-12-01 16:22:43] DB Connexion OK: host=127.0.0.1;port=3306;dbname=ecotrack
[2025-12-01 16:22:43] Fetched posts rows: 3
[2025-12-01 16:22:43] DB Connexion OK: host=127.0.0.1;port=3306;dbname=ecotrack
[2025-12-01 16:22:43] Fetched posts rows: 3
[2025-12-01 16:22:44] DB Connexion OK: host=127.0.0.1;port=3306;dbname=ecotrack
[2025-12-01 16:22:44] Fetched posts rows: 3
[2025-12-01 16:22:44] DB Connexion OK: host=127.0.0.1;port=3306;dbname=ecotrack
[2025-12-01 16:22:44] Fetched posts rows: 3
[2025-12-01 16:28:36] DB Connexion OK: host=127.0.0.1;port=3306;dbname=ecotrack
[2025-12-01 16:28:36] DB Connexion OK: host=127.0.0.1;port=3306;dbname=ecotrack
[2025-12-01 16:28:36] Fetched posts rows: 3
[2025-12-01 16:28:36] Fetched posts rows: 3
[2025-12-01 16:28:36] DB Connexion OK: host=127.0.0.1;port=3306;dbname=ecotrack
[2025-12-01 16:28:36] Fetched posts rows: 3
[2025-12-01 16:28:36] DB Connexion OK: host=127.0.0.1;port=3306;dbname=ecotrack
[2025-12-01 16:28:36] Fetched posts rows: 3
[2025-12-01 16:28:48] DB Connexion OK: host=127.0.0.1;port=3306;dbname=ecotrack
[2025-12-01 16:28:49] Fetched posts rows: 3
[2025-12-01 16:29:00] DB Connexion OK: host=127.0.0.1;port=3306;dbname=ecotrack
[2025-12-01 16:29:00] New post create request: send_by=louay, contenu=ahla bik
[2025-12-01 16:29:00] New post insert ok: id=5
[2025-12-01 16:29:00] DB Connexion OK: host=127.0.0.1;port=3306;dbname=ecotrack
[2025-12-01 16:29:00] Fetched posts rows: 4
[2025-12-01 16:29:09] DB Connexion OK: host=127.0.0.1;port=3306;dbname=ecotrack
[2025-12-01 16:29:09] Add comment request parent_id=5, send_by=damin, contenu=wnk
[2025-12-01 16:29:09] DB Connexion OK: host=127.0.0.1;port=3306;dbname=ecotrack
[2025-12-01 16:29:09] Fetched posts rows: 4
[2025-12-01 16:29:14] DB Connexion OK: host=127.0.0.1;port=3306;dbname=ecotrack
[2025-12-01 16:29:14] Fetched posts rows: 4
[2025-12-01 16:29:16] DB Connexion OK: host=127.0.0.1;port=3306;dbname=ecotrack
[2025-12-01 16:29:16] Fetched posts rows: 4
[2025-12-01 16:29:18] DB Connexion OK: host=127.0.0.1;port=3306;dbname=ecotrack
[2025-12-01 16:29:18] Fetched posts rows: 4
[2025-12-01 16:29:20] DB Connexion OK: host=127.0.0.1;port=3306;dbname=ecotrack
[2025-12-01 16:29:21] Fetched posts rows: 4
[2025-12-01 16:29:29] DB Connexion OK: host=127.0.0.1;port=3306;dbname=ecotrack
[2025-12-01 16:29:29] Update comment request id=8, contenu=wnkavfdvavg
[2025-12-01 16:29:29] DB Connexion OK: host=127.0.0.1;port=3306;dbname=ecotrack
[2025-12-01 16:29:30] Fetched posts rows: 4
[2025-12-01 16:29:42] DB Connexion OK: host=127.0.0.1;port=3306;dbname=ecotrack
[2025-12-01 16:29:43] Add comment request parent_id=5, send_by=Admin EcoTrack, contenu=rfrfef
[2025-12-01 16:29:43] DB Connexion OK: host=127.0.0.1;port=3306;dbname=ecotrack
[2025-12-01 16:29:43] Fetched posts rows: 5
[2025-12-01 16:29:49] DB Connexion OK: host=127.0.0.1;port=3306;dbname=ecotrack
[2025-12-01 16:29:49] Delete comment request id=9
[2025-12-01 16:29:49] DB Connexion OK: host=127.0.0.1;port=3306;dbname=ecotrack
[2025-12-01 16:29:49] Fetched posts rows: 4
[2025-12-01 16:34:58] DB Connexion OK: host=127.0.0.1;port=3306;dbname=ecotrack
[2025-12-01 16:34:58] DB Connexion OK: host=127.0.0.1;port=3306;dbname=ecotrack
[2025-12-01 16:34:58] Fetched posts rows: 4
[2025-12-01 16:34:58] Fetched posts rows: 4
[2025-12-01 16:34:58] DB Connexion OK: host=127.0.0.1;port=3306;dbname=ecotrack
[2025-12-01 16:34:58] DB Connexion OK: host=127.0.0.1;port=3306;dbname=ecotrack
[2025-12-01 16:34:58] Fetched posts rows: 4
[2025-12-01 16:34:58] Fetched posts rows: 4
[2025-12-01 16:34:58] DB Connexion OK: host=127.0.0.1;port=3306;dbname=ecotrack
[2025-12-01 16:34:58] Fetched posts rows: 4
[2025-12-01 16:34:59] DB Connexion OK: host=127.0.0.1;port=3306;dbname=ecotrack
[2025-12-01 16:34:59] DB Connexion OK: host=127.0.0.1;port=3306;dbname=ecotrack
[2025-12-01 16:34:59] Fetched posts rows: 4
[2025-12-01 16:34:59] Fetched posts rows: 4
[2025-12-01 16:34:59] DB Connexion OK: host=127.0.0.1;port=3306;dbname=ecotrack
[2025-12-01 16:34:59] Fetched posts rows: 4
[2025-12-01 16:34:59] DB Connexion OK: host=127.0.0.1;port=3306;dbname=ecotrack
[2025-12-01 16:34:59] Fetched posts rows: 4
[2025-12-01 16:35:29] DB Connexion OK: host=127.0.0.1;port=3306;dbname=ecotrack
[2025-12-01 16:35:29] Fetched posts rows: 4
[2025-12-01 16:35:30] DB Connexion OK: host=127.0.0.1;port=3306;dbname=ecotrack
[2025-12-01 16:35:31] Fetched posts rows: 4
[2025-12-01 16:35:34] DB Connexion OK: host=127.0.0.1;port=3306;dbname=ecotrack
[2025-12-01 16:35:34] Fetched posts rows: 4
[2025-12-01 16:37:46] DB Connexion OK: host=127.0.0.1;port=3306;dbname=ecotrack
[2025-12-01 16:37:46] Fetched posts rows: 4
[2025-12-01 16:39:07] DB Connexion OK: host=127.0.0.1;port=3306;dbname=ecotrack
[2025-12-01 16:39:08] Fetched posts rows: 4
[2025-12-01 16:39:39] DB Connexion OK: host=127.0.0.1;port=3306;dbname=ecotrack
[2025-12-01 16:39:39] Fetched posts rows: 4
[2025-12-01 16:41:43] DB Connexion OK: host=127.0.0.1;port=3306;dbname=ecotrack
[2025-12-01 16:41:44] Fetched posts rows: 4
[2025-12-01 16:41:44] DB Connexion OK: host=127.0.0.1;port=3306;dbname=ecotrack
[2025-12-01 16:41:44] Fetched posts rows: 4
[2025-12-01 16:41:44] DB Connexion OK: host=127.0.0.1;port=3306;dbname=ecotrack
[2025-12-01 16:41:44] Fetched posts rows: 4
[2025-12-01 16:41:44] DB Connexion OK: host=127.0.0.1;port=3306;dbname=ecotrack
[2025-12-01 16:41:44] Fetched posts rows: 4
[2025-12-01 16:41:44] DB Connexion OK: host=127.0.0.1;port=3306;dbname=ecotrack
[2025-12-01 16:41:44] Fetched posts rows: 4
[2025-12-01 16:41:44] DB Connexion OK: host=127.0.0.1;port=3306;dbname=ecotrack
[2025-12-01 16:41:45] Fetched posts rows: 4
[2025-12-01 16:41:45] DB Connexion OK: host=127.0.0.1;port=3306;dbname=ecotrack
[2025-12-01 16:41:45] Fetched posts rows: 4
[2025-12-01 16:41:45] DB Connexion OK: host=127.0.0.1;port=3306;dbname=ecotrack
[2025-12-01 16:41:45] DB Connexion OK: host=127.0.0.1;port=3306;dbname=ecotrack
[2025-12-01 16:41:45] Fetched posts rows: 4
[2025-12-01 16:41:45] Fetched posts rows: 4
[2025-12-01 16:41:47] DB Connexion OK: host=127.0.0.1;port=3306;dbname=ecotrack
[2025-12-01 16:41:48] Fetched posts rows: 4
[2025-12-01 16:41:49] DB Connexion OK: host=127.0.0.1;port=3306;dbname=ecotrack
[2025-12-01 16:41:50] Fetched posts rows: 4
[2025-12-01 16:41:51] DB Connexion OK: host=127.0.0.1;port=3306;dbname=ecotrack
[2025-12-01 16:41:51] Fetched posts rows: 4
[2025-12-01 16:41:52] DB Connexion OK: host=127.0.0.1;port=3306;dbname=ecotrack
[2025-12-01 16:41:52] Fetched posts rows: 4
[2025-12-01 16:41:54] DB Connexion OK: host=127.0.0.1;port=3306;dbname=ecotrack
[2025-12-01 16:41:54] Fetched posts rows: 4
[2025-12-01 16:41:59] DB Connexion OK: host=127.0.0.1;port=3306;dbname=ecotrack
[2025-12-01 16:41:59] New post create request: send_by=Anonyme, contenu=dvd
[2025-12-01 16:41:59] New post insert ok: id=6
[2025-12-01 16:41:59] DB Connexion OK: host=127.0.0.1;port=3306;dbname=ecotrack
[2025-12-01 16:41:59] Fetched posts rows: 5
[2025-12-01 16:42:02] DB Connexion OK: host=127.0.0.1;port=3306;dbname=ecotrack
[2025-12-01 16:42:02] DB Connexion OK: host=127.0.0.1;port=3306;dbname=ecotrack
[2025-12-01 16:42:02] Fetched posts rows: 4
[2025-12-01 16:42:04] DB Connexion OK: host=127.0.0.1;port=3306;dbname=ecotrack
[2025-12-01 16:42:05] Fetched posts rows: 4
[2025-12-01 16:42:12] DB Connexion OK: host=127.0.0.1;port=3306;dbname=ecotrack
[2025-12-01 16:42:12] Update post request post_id=5, send_by=louay, contenu=ahla bik
[2025-12-01 16:42:12] DB Connexion OK: host=127.0.0.1;port=3306;dbname=ecotrack
[2025-12-01 16:42:13] Fetched posts rows: 4
[2025-12-01 16:42:20] DB Connexion OK: host=127.0.0.1;port=3306;dbname=ecotrack
[2025-12-01 16:42:20] Update post request post_id=5, send_by=louay, contenu=ahla bik dddd
[2025-12-01 16:42:20] DB Connexion OK: host=127.0.0.1;port=3306;dbname=ecotrack
[2025-12-01 16:42:20] Fetched posts rows: 4
[2025-12-01 16:44:12] DB Connexion OK: host=127.0.0.1;port=3306;dbname=ecotrack
[2025-12-01 16:44:12] Fetched posts rows: 4
[2025-12-01 16:44:14] DB Connexion OK: host=127.0.0.1;port=3306;dbname=ecotrack
[2025-12-01 16:44:14] Fetched posts rows: 4
[2025-12-01 16:44:14] DB Connexion OK: host=127.0.0.1;port=3306;dbname=ecotrack
[2025-12-01 16:44:14] Fetched posts rows: 4
[2025-12-01 16:44:14] DB Connexion OK: host=127.0.0.1;port=3306;dbname=ecotrack
[2025-12-01 16:44:14] Fetched posts rows: 4
[2025-12-01 16:44:14] DB Connexion OK: host=127.0.0.1;port=3306;dbname=ecotrack
[2025-12-01 16:44:14] DB Connexion OK: host=127.0.0.1;port=3306;dbname=ecotrack
[2025-12-01 16:44:14] Fetched posts rows: 4
[2025-12-01 16:44:15] Fetched posts rows: 4
[2025-12-01 16:44:15] DB Connexion OK: host=127.0.0.1;port=3306;dbname=ecotrack
[2025-12-01 16:44:15] DB Connexion OK: host=127.0.0.1;port=3306;dbname=ecotrack
[2025-12-01 16:44:15] Fetched posts rows: 4
[2025-12-01 16:44:15] Fetched posts rows: 4
[2025-12-01 16:44:15] DB Connexion OK: host=127.0.0.1;port=3306;dbname=ecotrack
[2025-12-01 16:44:15] Fetched posts rows: 4
[2025-12-01 16:44:15] DB Connexion OK: host=127.0.0.1;port=3306;dbname=ecotrack
[2025-12-01 16:44:15] Fetched posts rows: 4
[2025-12-01 16:44:15] DB Connexion OK: host=127.0.0.1;port=3306;dbname=ecotrack
[2025-12-01 16:44:16] Fetched posts rows: 4
[2025-12-01 16:44:18] DB Connexion OK: host=127.0.0.1;port=3306;dbname=ecotrack
[2025-12-01 16:44:18] Fetched posts rows: 4
[2025-12-01 16:54:42] DB Connexion OK: host=127.0.0.1;port=3306;dbname=ecotrack
[2025-12-01 16:54:42] Fetched posts rows: 4
[2025-12-01 16:58:03] DB Connexion OK: host=127.0.0.1;port=3306;dbname=ecotrack
[2025-12-01 16:58:03] Fetched posts rows: 4
[2025-12-01 16:58:03] DB Connexion OK: host=127.0.0.1;port=3306;dbname=ecotrack
[2025-12-01 16:58:04] DB Connexion OK: host=127.0.0.1;port=3306;dbname=ecotrack
[2025-12-01 16:58:04] Fetched posts rows: 4
[2025-12-01 16:58:04] DB Connexion OK: host=127.0.0.1;port=3306;dbname=ecotrack
[2025-12-01 16:58:04] Fetched posts rows: 4
[2025-12-01 16:58:04] Fetched posts rows: 4
[2025-12-01 16:58:04] DB Connexion OK: host=127.0.0.1;port=3306;dbname=ecotrack
[2025-12-01 16:58:04] DB Connexion OK: host=127.0.0.1;port=3306;dbname=ecotrack
[2025-12-01 16:58:04] Fetched posts rows: 4
[2025-12-01 16:58:04] Fetched posts rows: 4
[2025-12-01 16:58:04] DB Connexion OK: host=127.0.0.1;port=3306;dbname=ecotrack
[2025-12-01 16:58:04] Fetched posts rows: 4
[2025-12-01 16:58:04] DB Connexion OK: host=127.0.0.1;port=3306;dbname=ecotrack
[2025-12-01 16:58:05] DB Connexion OK: host=127.0.0.1;port=3306;dbname=ecotrack
[2025-12-01 16:58:05] Fetched posts rows: 4
[2025-12-01 16:58:05] Fetched posts rows: 4
[2025-12-01 16:58:05] DB Connexion OK: host=127.0.0.1;port=3306;dbname=ecotrack
[2025-12-01 16:58:05] Fetched posts rows: 4
[2025-12-01 16:58:05] DB Connexion OK: host=127.0.0.1;port=3306;dbname=ecotrack
[2025-12-01 16:58:05] Fetched posts rows: 4
[2025-12-01 16:59:14] DB Connexion OK: host=127.0.0.1;port=3306;dbname=ecotrack
[2025-12-01 16:59:14] Fetched posts rows: 4
[2025-12-01 17:07:21] DB Connexion OK: host=127.0.0.1;port=3306;dbname=ecotrack
[2025-12-01 17:07:21] Fetched posts rows: 4
[2025-12-01 17:07:21] DB Connexion OK: host=127.0.0.1;port=3306;dbname=ecotrack
[2025-12-01 17:07:21] Fetched posts rows: 4
[2025-12-01 17:07:21] DB Connexion OK: host=127.0.0.1;port=3306;dbname=ecotrack
[2025-12-01 17:07:22] DB Connexion OK: host=127.0.0.1;port=3306;dbname=ecotrack
[2025-12-01 17:07:22] Fetched posts rows: 4
[2025-12-01 17:07:22] Fetched posts rows: 4
[2025-12-01 17:07:22] DB Connexion OK: host=127.0.0.1;port=3306;dbname=ecotrack
[2025-12-01 17:07:22] DB Connexion OK: host=127.0.0.1;port=3306;dbname=ecotrack
[2025-12-01 17:07:22] Fetched posts rows: 4
[2025-12-01 17:07:22] Fetched posts rows: 4
[2025-12-01 17:07:24] DB Connexion OK: host=127.0.0.1;port=3306;dbname=ecotrack
[2025-12-01 17:07:25] Fetched posts rows: 4
[2025-12-01 17:07:48] DB Connexion OK: host=127.0.0.1;port=3306;dbname=ecotrack
[2025-12-01 17:07:48] Fetched posts rows: 4
[2025-12-01 18:37:44] DB Connexion OK: host=127.0.0.1;port=3306;dbname=ecotrack
[2025-12-01 18:37:44] DB Connexion OK: host=127.0.0.1;port=3306;dbname=ecotrack
[2025-12-01 18:37:44] DB Connexion OK: host=127.0.0.1;port=3306;dbname=ecotrack
[2025-12-01 18:37:44] Fetched posts rows: 4
[2025-12-01 18:37:45] Fetched posts rows: 4
[2025-12-01 18:37:45] DB Connexion OK: host=127.0.0.1;port=3306;dbname=ecotrack
[2025-12-01 18:37:45] Fetched posts rows: 4
[2025-12-01 18:37:45] Fetched posts rows: 4
[2025-12-01 18:37:45] DB Connexion OK: host=127.0.0.1;port=3306;dbname=ecotrack
[2025-12-01 18:37:45] DB Connexion OK: host=127.0.0.1;port=3306;dbname=ecotrack
[2025-12-01 18:37:45] Fetched posts rows: 4
[2025-12-01 18:37:45] Fetched posts rows: 4
[2025-12-01 18:39:10] DB Connexion OK: host=127.0.0.1;port=3306;dbname=ecotrack
[2025-12-01 18:39:10] Fetched posts rows: 4
[2025-12-01 18:39:21] DB Connexion OK: host=127.0.0.1;port=3306;dbname=ecotrack
[2025-12-01 18:39:21] Fetched posts rows: 4
[2025-12-01 18:46:17] DB Connexion OK: host=127.0.0.1;port=3306;dbname=ecotrack
[2025-12-01 18:46:17] Fetched posts rows: 4
[2025-12-01 18:49:01] DB Connexion OK: host=127.0.0.1;port=3306;dbname=ecotrack
[2025-12-01 18:49:01] Fetched posts rows: 4
[2025-12-01 18:49:13] DB Connexion OK: host=127.0.0.1;port=3306;dbname=ecotrack
[2025-12-01 18:49:13] Fetched posts rows: 4
[2025-12-01 18:49:14] DB Connexion OK: host=127.0.0.1;port=3306;dbname=ecotrack
[2025-12-01 18:49:14] Fetched posts rows: 4
[2025-12-01 18:49:32] DB Connexion OK: host=127.0.0.1;port=3306;dbname=ecotrack
[2025-12-01 18:49:32] Fetched posts rows: 4
[2025-12-01 18:49:36] DB Connexion OK: host=127.0.0.1;port=3306;dbname=ecotrack
[2025-12-01 18:49:36] DB Connexion OK: host=127.0.0.1;port=3306;dbname=ecotrack
[2025-12-01 18:49:37] Fetched posts rows: 3
[2025-12-01 18:49:40] DB Connexion OK: host=127.0.0.1;port=3306;dbname=ecotrack
[2025-12-01 18:49:40] Fetched posts rows: 3
[2025-12-01 18:49:44] DB Connexion OK: host=127.0.0.1;port=3306;dbname=ecotrack
[2025-12-01 18:49:44] Fetched posts rows: 3
[2025-12-01 18:57:47] DB Connexion OK: host=127.0.0.1;port=3306;dbname=ecotrack
[2025-12-01 18:57:48] Fetched posts rows: 3
[2025-12-01 18:57:48] DB Connexion OK: host=127.0.0.1;port=3306;dbname=ecotrack
[2025-12-01 18:57:48] Fetched posts rows: 3
[2025-12-01 18:57:48] DB Connexion OK: host=127.0.0.1;port=3306;dbname=ecotrack
[2025-12-01 18:57:48] Fetched posts rows: 3
[2025-12-01 18:57:48] DB Connexion OK: host=127.0.0.1;port=3306;dbname=ecotrack
[2025-12-01 18:57:48] Fetched posts rows: 3
[2025-12-01 18:57:48] DB Connexion OK: host=127.0.0.1;port=3306;dbname=ecotrack
[2025-12-01 18:57:48] DB Connexion OK: host=127.0.0.1;port=3306;dbname=ecotrack
[2025-12-01 18:57:48] Fetched posts rows: 3
[2025-12-01 18:57:48] Fetched posts rows: 3
[2025-12-01 18:57:48] DB Connexion OK: host=127.0.0.1;port=3306;dbname=ecotrack
[2025-12-01 18:57:48] Fetched posts rows: 3
[2025-12-01 18:57:53] DB Connexion OK: host=127.0.0.1;port=3306;dbname=ecotrack
[2025-12-01 18:57:53] Fetched posts rows: 3
[2025-12-01 18:58:00] DB Connexion OK: host=127.0.0.1;port=3306;dbname=ecotrack
[2025-12-01 18:58:00] Update comment request id=4, contenu=GOAAAAALLLLLLLLLL
[2025-12-01 18:58:00] DB Connexion OK: host=127.0.0.1;port=3306;dbname=ecotrack
[2025-12-01 18:58:00] Fetched posts rows: 3
[2025-12-01 18:58:02] DB Connexion OK: host=127.0.0.1;port=3306;dbname=ecotrack
[2025-12-01 18:58:03] Fetched posts rows: 3
[2025-12-01 18:58:04] DB Connexion OK: host=127.0.0.1;port=3306;dbname=ecotrack
[2025-12-01 18:58:04] Update post request post_id=4, send_by=Neur, contenu=ich liebe dich
[2025-12-01 18:58:04] DB Connexion OK: host=127.0.0.1;port=3306;dbname=ecotrack
[2025-12-01 18:58:05] Fetched posts rows: 3
[2025-12-01 18:58:09] DB Connexion OK: host=127.0.0.1;port=3306;dbname=ecotrack
[2025-12-01 18:58:09] Fetched posts rows: 3
[2025-12-01 18:58:19] DB Connexion OK: host=127.0.0.1;port=3306;dbname=ecotrack
[2025-12-01 18:58:19] Fetched posts rows: 3
[2025-12-01 18:58:22] DB Connexion OK: host=127.0.0.1;port=3306;dbname=ecotrack
[2025-12-01 18:58:22] Fetched posts rows: 3
[2025-12-01 18:58:31] DB Connexion OK: host=127.0.0.1;port=3306;dbname=ecotrack
[2025-12-01 18:58:31] Update comment request id=4, contenu=GOAAAAALLLLLLLLLL 09
[2025-12-01 18:58:31] DB Connexion OK: host=127.0.0.1;port=3306;dbname=ecotrack
[2025-12-01 18:58:31] Fetched posts rows: 3
[2025-12-01 18:58:33] DB Connexion OK: host=127.0.0.1;port=3306;dbname=ecotrack
[2025-12-01 18:58:33] Fetched posts rows: 3
[2025-12-01 18:58:42] DB Connexion OK: host=127.0.0.1;port=3306;dbname=ecotrack
[2025-12-01 18:58:42] Update post request post_id=4, send_by=Neur, contenu=HALF TIME
[2025-12-01 18:58:42] DB Connexion OK: host=127.0.0.1;port=3306;dbname=ecotrack
[2025-12-01 18:58:43] Fetched posts rows: 3
[2025-12-01 18:58:47] DB Connexion OK: host=127.0.0.1;port=3306;dbname=ecotrack
[2025-12-01 18:58:47] Fetched posts rows: 3
[2025-12-01 18:58:54] DB Connexion OK: host=127.0.0.1;port=3306;dbname=ecotrack
[2025-12-01 18:58:54] Add comment request parent_id=4, send_by=SS, contenu=SSS
[2025-12-01 18:58:54] DB Connexion OK: host=127.0.0.1;port=3306;dbname=ecotrack
[2025-12-01 18:58:54] Fetched posts rows: 4
[2025-12-01 18:58:57] DB Connexion OK: host=127.0.0.1;port=3306;dbname=ecotrack
[2025-12-01 18:58:57] Fetched posts rows: 4
[2025-12-01 18:58:58] DB Connexion OK: host=127.0.0.1;port=3306;dbname=ecotrack
[2025-12-01 18:58:59] Update post request post_id=4, send_by=Neur, contenu=HALF TIME
[2025-12-01 18:58:59] DB Connexion OK: host=127.0.0.1;port=3306;dbname=ecotrack
[2025-12-01 18:58:59] Fetched posts rows: 4
[2025-12-01 18:59:03] DB Connexion OK: host=127.0.0.1;port=3306;dbname=ecotrack
[2025-12-01 18:59:03] Fetched posts rows: 4
[2025-12-01 18:59:05] DB Connexion OK: host=127.0.0.1;port=3306;dbname=ecotrack
[2025-12-01 18:59:05] Delete comment request id=10
[2025-12-01 18:59:05] DB Connexion OK: host=127.0.0.1;port=3306;dbname=ecotrack
[2025-12-01 18:59:05] Fetched posts rows: 3
[2025-12-01 19:00:50] DB Connexion OK: host=127.0.0.1;port=3306;dbname=ecotrack
[2025-12-01 19:00:50] Fetched posts rows: 3
[2025-12-01 19:01:05] DB Connexion OK: host=127.0.0.1;port=3306;dbname=ecotrack
[2025-12-01 19:01:05] Fetched posts rows: 3
[2025-12-01 19:01:12] DB Connexion OK: host=127.0.0.1;port=3306;dbname=ecotrack
[2025-12-01 19:01:12] Update post request post_id=3, send_by=iyed saadouni, contenu=aya tjieeeeeeeeeeeeeee AMIN
[2025-12-01 19:01:12] DB Connexion OK: host=127.0.0.1;port=3306;dbname=ecotrack
[2025-12-01 19:01:12] Fetched posts rows: 3
[2025-12-01 19:01:17] DB Connexion OK: host=127.0.0.1;port=3306;dbname=ecotrack
[2025-12-01 19:01:17] Fetched posts rows: 3
[2025-12-01 19:03:19] DB Connexion OK: host=127.0.0.1;port=3306;dbname=ecotrack
[2025-12-01 19:03:19] Fetched posts rows: 3
[2025-12-01 19:03:46] DB Connexion OK: host=127.0.0.1;port=3306;dbname=ecotrack
[2025-12-01 19:03:46] Fetched posts rows: 3
[2025-12-01 19:03:50] DB Connexion OK: host=127.0.0.1;port=3306;dbname=ecotrack
[2025-12-01 19:03:50] Fetched posts rows: 3
[2025-12-01 19:08:35] DB Connexion OK: host=127.0.0.1;port=3306;dbname=ecotrack
[2025-12-01 19:08:35] Fetched posts rows: 3
[2025-12-01 19:08:36] DB Connexion OK: host=127.0.0.1;port=3306;dbname=ecotrack
[2025-12-01 19:08:36] Fetched posts rows: 3
[2025-12-01 19:08:36] DB Connexion OK: host=127.0.0.1;port=3306;dbname=ecotrack
[2025-12-01 19:08:36] Fetched posts rows: 3
[2025-12-01 19:08:36] DB Connexion OK: host=127.0.0.1;port=3306;dbname=ecotrack
[2025-12-01 19:08:36] Fetched posts rows: 3
[2025-12-01 19:08:48] DB Connexion OK: host=127.0.0.1;port=3306;dbname=ecotrack
[2025-12-01 19:08:48] Update post request post_id=4, send_by=Neur, contenu=HALF TIME GUYS
[2025-12-01 19:08:48] DB Connexion OK: host=127.0.0.1;port=3306;dbname=ecotrack
[2025-12-01 19:08:48] Fetched posts rows: 3
[2025-12-01 19:11:03] DB Connexion OK: host=127.0.0.1;port=3306;dbname=ecotrack
[2025-12-01 19:11:03] DB Connexion OK: host=127.0.0.1;port=3306;dbname=ecotrack
[2025-12-01 19:11:03] Fetched posts rows: 3
[2025-12-01 19:11:03] Fetched posts rows: 3
[2025-12-01 19:11:03] DB Connexion OK: host=127.0.0.1;port=3306;dbname=ecotrack
[2025-12-01 19:11:03] Fetched posts rows: 3
[2025-12-01 19:11:03] DB Connexion OK: host=127.0.0.1;port=3306;dbname=ecotrack
[2025-12-01 19:11:04] Fetched posts rows: 3
[2025-12-01 19:11:15] DB Connexion OK: host=127.0.0.1;port=3306;dbname=ecotrack
[2025-12-01 19:11:15] Update post request post_id=4, send_by=Neur, contenu=HALF TIME GUYS IN ALLIANZ
[2025-12-01 19:11:15] DB Connexion OK: host=127.0.0.1;port=3306;dbname=ecotrack
[2025-12-01 19:11:15] Fetched posts rows: 3
[2025-12-01 19:11:53] DB Connexion OK: host=127.0.0.1;port=3306;dbname=ecotrack
[2025-12-01 19:11:53] Update comment request id=4, contenu=GOAAAAALLLLLLLLLL #09
[2025-12-01 19:11:53] DB Connexion OK: host=127.0.0.1;port=3306;dbname=ecotrack
[2025-12-01 19:11:54] Fetched posts rows: 3
[2025-12-01 19:15:51] DB Connexion OK: host=127.0.0.1;port=3306;dbname=ecotrack
[2025-12-01 19:15:51] Fetched posts rows: 3
[2025-12-01 19:15:59] DB Connexion OK: host=127.0.0.1;port=3306;dbname=ecotrack
[2025-12-01 19:15:59] Fetched posts rows: 3
[2025-12-01 19:16:19] DB Connexion OK: host=127.0.0.1;port=3306;dbname=ecotrack
[2025-12-01 19:16:19] New post create request: send_by=iyeed, contenu=Hamdouoleh web rja3 yekhdm
[2025-12-01 19:16:19] New post insert ok: id=7
[2025-12-01 19:16:19] DB Connexion OK: host=127.0.0.1;port=3306;dbname=ecotrack
[2025-12-01 19:16:19] Fetched posts rows: 4
[2025-12-01 19:16:23] DB Connexion OK: host=127.0.0.1;port=3306;dbname=ecotrack
[2025-12-01 19:16:23] Fetched posts rows: 4
[2025-12-01 19:16:33] DB Connexion OK: host=127.0.0.1;port=3306;dbname=ecotrack
[2025-12-01 19:16:34] Add comment request parent_id=7, send_by=iyed, contenu=test final
[2025-12-01 19:16:34] DB Connexion OK: host=127.0.0.1;port=3306;dbname=ecotrack
[2025-12-01 19:16:34] Fetched posts rows: 4
[2025-12-01 19:16:38] DB Connexion OK: host=127.0.0.1;port=3306;dbname=ecotrack
[2025-12-01 19:16:38] Fetched posts rows: 4
[2025-12-01 19:16:50] DB Connexion OK: host=127.0.0.1;port=3306;dbname=ecotrack
[2025-12-01 19:16:50] Fetched posts rows: 4
[2025-12-01 19:17:37] DB Connexion OK: host=127.0.0.1;port=3306;dbname=ecotrack
[2025-12-01 19:17:37] Fetched posts rows: 4
[2025-12-01 19:17:37] DB Connexion OK: host=127.0.0.1;port=3306;dbname=ecotrack
[2025-12-01 19:17:38] DB Connexion OK: host=127.0.0.1;port=3306;dbname=ecotrack
[2025-12-01 19:17:38] Fetched posts rows: 4
[2025-12-01 19:17:38] Fetched posts rows: 4
[2025-12-01 19:17:38] DB Connexion OK: host=127.0.0.1;port=3306;dbname=ecotrack
[2025-12-01 19:17:38] Fetched posts rows: 4
[2025-12-01 19:17:38] DB Connexion OK: host=127.0.0.1;port=3306;dbname=ecotrack
[2025-12-01 19:17:38] Fetched posts rows: 4
